Using pre-set license
Built from '2022.3/staging' branch; Version is '2022.3.10f1 (ff3792e53c62) revision 16725906'; Using compiler version '192829333'; Build Type 'Release'
OS: 'Windows 11  (10.0.22621) 64bit Core' Language: 'en' Physical Memory: 16321 MB
BatchMode: 1, IsHumanControllingUs: 0, StartBugReporterOnCrash: 0, Is64bit: 1, IsPro: 1

COMMAND LINE ARGUMENTS:
D:\Unity\2022.3.10f1\Editor\Unity.exe
-adb2
-batchMode
-noUpm
-name
AssetImportWorker3
-projectPath
F:/School/Git/Project-3D/Seaport_Mechanic
-logFile
Logs/AssetImportWorker3.log
-srvPort
60868
Successfully changed project path to: F:/School/Git/Project-3D/Seaport_Mechanic
F:/School/Git/Project-3D/Seaport_Mechanic
[UnityMemory] Configuration Parameters - Can be set up in boot.config
    "memorysetup-bucket-allocator-granularity=16"
    "memorysetup-bucket-allocator-bucket-count=8"
    "memorysetup-bucket-allocator-block-size=33554432"
    "memorysetup-bucket-allocator-block-count=8"
    "memorysetup-main-allocator-block-size=16777216"
    "memorysetup-thread-allocator-block-size=16777216"
    "memorysetup-gfx-main-allocator-block-size=16777216"
    "memorysetup-gfx-thread-allocator-block-size=16777216"
    "memorysetup-cache-allocator-block-size=4194304"
    "memorysetup-typetree-allocator-block-size=2097152"
    "memorysetup-profiler-bucket-allocator-granularity=16"
    "memorysetup-profiler-bucket-allocator-bucket-count=8"
    "memorysetup-profiler-bucket-allocator-block-size=33554432"
    "memorysetup-profiler-bucket-allocator-block-count=8"
    "memorysetup-profiler-allocator-block-size=16777216"
    "memorysetup-profiler-editor-allocator-block-size=1048576"
    "memorysetup-temp-allocator-size-main=16777216"
    "memorysetup-job-temp-allocator-block-size=2097152"
    "memorysetup-job-temp-allocator-block-size-background=1048576"
    "memorysetup-job-temp-allocator-reduction-small-platforms=262144"
    "memorysetup-allocator-temp-initial-block-size-main=262144"
    "memorysetup-allocator-temp-initial-block-size-worker=262144"
    "memorysetup-temp-allocator-size-background-worker=32768"
    "memorysetup-temp-allocator-size-job-worker=262144"
    "memorysetup-temp-allocator-size-preload-manager=33554432"
    "memorysetup-temp-allocator-size-nav-mesh-worker=65536"
    "memorysetup-temp-allocator-size-audio-worker=65536"
    "memorysetup-temp-allocator-size-cloud-worker=32768"
    "memorysetup-temp-allocator-size-gi-baking-worker=262144"
    "memorysetup-temp-allocator-size-gfx=262144"
Player connection [22316] Host "[IP] 192.168.0.105 [Port] 0 [Flags] 2 [Guid] 3741421121 [EditorId] 3741421121 [Version] 1048832 [Id] WindowsEditor(7,Glimfey) [Debug] 1 [PackageName] WindowsEditor [ProjectName] Editor" joined multi-casting on [225.0.0.222:54997]...

Player connection [22316] Host "[IP] 192.168.0.105 [Port] 0 [Flags] 2 [Guid] 3741421121 [EditorId] 3741421121 [Version] 1048832 [Id] WindowsEditor(7,Glimfey) [Debug] 1 [PackageName] WindowsEditor [ProjectName] Editor" joined alternative multi-casting on [225.0.0.222:34997]...

[Physics::Module] Initialized MultithreadedJobDispatcher with 7 workers.
Refreshing native plugins compatible for Editor in 29.10 ms, found 13 plugins.
Preloading 1 native plugins for Editor in 0.83 ms.
Initialize engine version: 2022.3.10f1 (ff3792e53c62)
[Subsystems] Discovering subsystems at path D:/Unity/2022.3.10f1/Editor/Data/Resources/UnitySubsystems
[Subsystems] Discovering subsystems at path F:/School/Git/Project-3D/Seaport_Mechanic/Assets
GfxDevice: creating device client; threaded=0; jobified=0
Direct3D:
    Version:  Direct3D 11.0 [level 11.1]
    Renderer: NVIDIA GeForce RTX 3060 (ID=0x2487)
    Vendor:   NVIDIA
    VRAM:     12124 MB
    Driver:   31.0.15.4633
Initialize mono
Mono path[0] = 'D:/Unity/2022.3.10f1/Editor/Data/Managed'
Mono path[1] = 'D:/Unity/2022.3.10f1/Editor/Data/MonoBleedingEdge/lib/mono/unityjit-win32'
Mono config path = 'D:/Unity/2022.3.10f1/Editor/Data/MonoBleedingEdge/etc'
Using monoOptions --debugger-agent=transport=dt_socket,embedding=1,server=y,suspend=n,address=127.0.0.1:56976
Begin MonoManager ReloadAssembly
Registering precompiled unity dll's ...
Register platform support module: D:/Unity/2022.3.10f1/Editor/Data/PlaybackEngines/AndroidPlayer/UnityEditor.Android.Extensions.dll
Register platform support module: D:/Unity/2022.3.10f1/Editor/Data/PlaybackEngines/WindowsStandaloneSupport/UnityEditor.WindowsStandalone.Extensions.dll
Registered in 0.005617 seconds.
- Loaded All Assemblies, in  0.425 seconds
Native extension for WindowsStandalone target not found
Native extension for Android target not found
Android Extension - Scanning For ADB Devices 338 ms
Mono: successfully reloaded assembly
- Finished resetting the current domain, in  0.748 seconds
Domain Reload Profiling: 1173ms
	BeginReloadAssembly (144ms)
		ExecutionOrderSort (0ms)
		DisableScriptedObjects (0ms)
		BackupInstance (0ms)
		ReleaseScriptingObjects (0ms)
		CreateAndSetChildDomain (1ms)
	RebuildCommonClasses (41ms)
	RebuildNativeTypeToScriptingClass (12ms)
	initialDomainReloadingComplete (59ms)
	LoadAllAssembliesAndSetupDomain (168ms)
		LoadAssemblies (145ms)
		RebuildTransferFunctionScriptingTraits (0ms)
		AnalyzeDomain (164ms)
			TypeCache.Refresh (163ms)
				TypeCache.ScanAssembly (145ms)
			ScanForSourceGeneratedMonoScriptInfo (0ms)
			ResolveRequiredComponents (0ms)
	FinalizeReload (748ms)
		ReleaseScriptCaches (0ms)
		RebuildScriptCaches (0ms)
		SetupLoadedEditorAssemblies (678ms)
			LogAssemblyErrors (0ms)
			InitializePlatformSupportModulesInManaged (474ms)
			SetLoadedEditorAssemblies (4ms)
			RefreshPlugins (0ms)
			BeforeProcessingInitializeOnLoad (2ms)
			ProcessInitializeOnLoadAttributes (130ms)
			ProcessInitializeOnLoadMethodAttributes (68ms)
			AfterProcessingInitializeOnLoad (0ms)
			EditorAssembliesLoaded (0ms)
		ExecutionOrderSort2 (0ms)
		AwakeInstancesAfterBackupRestoration (0ms)
========================================================================
Worker process is ready to serve import requests
Begin MonoManager ReloadAssembly
- Loaded All Assemblies, in  0.916 seconds
Refreshing native plugins compatible for Editor in 15.10 ms, found 13 plugins.
Native extension for WindowsStandalone target not found
Native extension for Android target not found
Package Manager log level set to [2]
[Package Manager] Server::EnsureServerProcessIsRunning -- launch failed, reason: Unity was launched with the -noUpm command-line argument
[Package Manager] UpmClient::Send -- Unable to send message (not connected to UPM process).
[Package Manager] Cannot connect to Unity Package Manager local server
[Package Manager] Server::EnsureServerProcessIsRunning -- launch failed, reason: Unity was launched with the -noUpm command-line argument
[Package Manager] UpmClient::Send -- Unable to send message (not connected to UPM process).
[Package Manager] Cannot connect to Unity Package Manager local server
System.Reflection.TargetInvocationException: Exception has been thrown by the target of an invocation. ---> System.NullReferenceException: Object reference not set to an instance of an object
  at Unity.XR.Oculus.OculusLoader.AssetPathToAbsolutePath (System.String assetPath) [0x0003d] in .\Library\PackageCache\com.unity.xr.oculus@4.0.0\Runtime\OculusLoader.cs:282 
  at Unity.XR.Oculus.OculusLoader.EditorLoadOVRPlugin () [0x0007b] in .\Library\PackageCache\com.unity.xr.oculus@4.0.0\Runtime\OculusLoader.cs:267 
  at (wrapper managed-to-native) System.Reflection.RuntimeMethodInfo.InternalInvoke(System.Reflection.RuntimeMethodInfo,object,object[],System.Exception&)
  at System.Reflection.RuntimeMethodInfo.Invoke (System.Object obj, System.Reflection.BindingFlags invokeAttr, System.Reflection.Binder binder, System.Object[] parameters, System.Globalization.CultureInfo culture) [0x0006a] in <787acc3c9a4c471ba7d971300105af24>:0 
   --- End of inner exception stack trace ---
  at System.Reflection.RuntimeMethodInfo.Invoke (System.Object obj, System.Reflection.BindingFlags invokeAttr, System.Reflection.Binder binder, System.Object[] parameters, System.Globalization.CultureInfo culture) [0x00083] in <787acc3c9a4c471ba7d971300105af24>:0 
  at System.Reflection.MethodBase.Invoke (System.Object obj, System.Object[] parameters) [0x00000] in <787acc3c9a4c471ba7d971300105af24>:0 
  at UnityEditor.EditorAssemblies.ProcessInitializeOnLoadMethodAttributes () [0x000a5] in <fe7039efe678478d9c83e73bc6a6566d>:0 
UnityEngine.StackTraceUtility:ExtractStackTrace ()
UnityEngine.DebugLogHandler:LogFormat (UnityEngine.LogType,UnityEngine.Object,string,object[])
UnityEngine.Logger:Log (UnityEngine.LogType,object)
UnityEngine.Debug:LogError (object)
UnityEditor.EditorAssemblies:ProcessInitializeOnLoadMethodAttributes ()

Mirror | mirror-networking.com | discord.gg/N9QVxbM
UnityEngine.StackTraceUtility:ExtractStackTrace ()
UnityEngine.DebugLogHandler:LogFormat (UnityEngine.LogType,UnityEngine.Object,string,object[])
UnityEngine.Logger:Log (UnityEngine.LogType,object)
UnityEngine.Debug:Log (object)
Mirror.Welcome:OnInitializeOnLoad () (at Assets/Mirror/Editor/Welcome.cs:18)
System.Reflection.RuntimeMethodInfo:Invoke (object,System.Reflection.BindingFlags,System.Reflection.Binder,object[],System.Globalization.CultureInfo)
System.Reflection.MethodBase:Invoke (object,object[])
UnityEditor.EditorAssemblies:ProcessInitializeOnLoadMethodAttributes ()

(Filename: Assets/Mirror/Editor/Welcome.cs Line: 18)

Mono: successfully reloaded assembly
[Package Manager] Server::EnsureServerProcessIsRunning -- launch failed, reason: Unity was launched with the -noUpm command-line argument
[Package Manager] UpmClient::Send -- Unable to send message (not connected to UPM process).
[Package Manager] Cannot connect to Unity Package Manager local server
[Package Manager] Server::EnsureServerProcessIsRunning -- launch failed, reason: Unity was launched with the -noUpm command-line argument
[Package Manager] UpmClient::Send -- Unable to send message (not connected to UPM process).
[Package Manager] Cannot connect to Unity Package Manager local server
- Finished resetting the current domain, in  0.905 seconds
Domain Reload Profiling: 1820ms
	BeginReloadAssembly (227ms)
		ExecutionOrderSort (0ms)
		DisableScriptedObjects (6ms)
		BackupInstance (0ms)
		ReleaseScriptingObjects (0ms)
		CreateAndSetChildDomain (31ms)
	RebuildCommonClasses (46ms)
	RebuildNativeTypeToScriptingClass (16ms)
	initialDomainReloadingComplete (53ms)
	LoadAllAssembliesAndSetupDomain (573ms)
		LoadAssemblies (410ms)
		RebuildTransferFunctionScriptingTraits (0ms)
		AnalyzeDomain (312ms)
			TypeCache.Refresh (253ms)
				TypeCache.ScanAssembly (229ms)
			ScanForSourceGeneratedMonoScriptInfo (38ms)
			ResolveRequiredComponents (19ms)
	FinalizeReload (906ms)
		ReleaseScriptCaches (0ms)
		RebuildScriptCaches (0ms)
		SetupLoadedEditorAssemblies (672ms)
			LogAssemblyErrors (0ms)
			InitializePlatformSupportModulesInManaged (23ms)
			SetLoadedEditorAssemblies (4ms)
			RefreshPlugins (0ms)
			BeforeProcessingInitializeOnLoad (89ms)
			ProcessInitializeOnLoadAttributes (424ms)
			ProcessInitializeOnLoadMethodAttributes (129ms)
			AfterProcessingInitializeOnLoad (2ms)
			EditorAssembliesLoaded (0ms)
		ExecutionOrderSort2 (0ms)
		AwakeInstancesAfterBackupRestoration (7ms)
Launched and connected shader compiler UnityShaderCompiler.exe after 0.05 seconds
Refreshing native plugins compatible for Editor in 19.36 ms, found 13 plugins.
Preloading 1 native plugins for Editor in 0.10 ms.
Unloading 6699 Unused Serialized files (Serialized files now loaded: 0)
Unloading 208 unused Assets / (7.0 MB). Loaded Objects now: 7077.
Memory consumption went from 262.2 MB to 255.2 MB.
Total: 8.055200 ms (FindLiveObjects: 0.530600 ms CreateObjectMapping: 0.658500 ms MarkObjects: 4.019300 ms  DeleteObjects: 2.845900 ms)

AssetImportParameters requested are different than current active one (requested -> active):
  custom:container-demuxer-ogg: 62fdf1f143b41e24485cea50d1cbac27 -> 
  custom:framework-win-MediaFoundation: 216162199b28c13a410421893ffa2e32 -> 
  custom:container-muxer-webm: aa71ff27fc2769a1b78a27578f13a17b -> 
  custom:video-decoder-webm-vp8: 9c59270c3fd7afecdb556c50c9e8de78 -> 
  custom:SearchIndexIgnoredProperties: e643bd26f0fe6173181afceb89e7c659 -> 
  custom:AudioImporter_EditorPlatform: d09bf68614088b80899f8185d706f6e7 -> 
  custom:audio-decoder-ogg-vorbis: bf7c407c2cedff20999df2af8eb42d56 -> 
  custom:audio-encoder-webm-vorbis: bf7c407c2cedff20999df2af8eb42d56 -> 
  custom:video-codec-MediaFoundation-h265: 746d11721c4dcdbdad8f713fa42b33f4 -> 
  custom:video-decoder-ogg-theora: a1e56fd34408186e4bbccfd4996cb3dc -> 
  custom:CustomObjectIndexerAttribute: d54d2f2da18e7612c182cf67624b6b12 -> 
  custom:container-demuxer-webm: 4f35f7cbe854078d1ac9338744f61a02 -> 
  custom:video-encoder-webm-vp8: eb34c28f22e8b96e1ab97ce403110664 -> 
========================================================================
Received Import Request.
  Time since last request: 879979.683175 seconds.
  path: Assets/Objects/Straddle Carrier/Bakes/Textures/Ladders Frame.Low/Ladders Frame.Low_Bake1_PBR StoA_Glossiness.png
  artifactKey: Guid(a9b84afc7be2dd5408fc899dee54d205) Importer(815301076,1909f56bfc062723c751e8b465ee728b)
Start importing Assets/Objects/Straddle Carrier/Bakes/Textures/Ladders Frame.Low/Ladders Frame.Low_Bake1_PBR StoA_Glossiness.png using Guid(a9b84afc7be2dd5408fc899dee54d205) Importer(815301076,1909f56bfc062723c751e8b465ee728b)  -> (artifact id: 'fd8e134de6c434453a3087980c94ef9b') in 0.093985 seconds
Number of updated asset objects reloaded before import = 0
Number of asset objects unloaded after import = 2
========================================================================
Received Import Request.
  Time since last request: 10.170753 seconds.
  path: Assets/Objects/Straddle Carrier/Bakes/Textures/Low Frame Middle.Low/Low Frame Middle.Low_Bake1_PBR StoA_Glossiness.png
  artifactKey: Guid(21af756154e88df46b9af7dfa44f8909) Importer(815301076,1909f56bfc062723c751e8b465ee728b)
Start importing Assets/Objects/Straddle Carrier/Bakes/Textures/Low Frame Middle.Low/Low Frame Middle.Low_Bake1_PBR StoA_Glossiness.png using Guid(21af756154e88df46b9af7dfa44f8909) Importer(815301076,1909f56bfc062723c751e8b465ee728b)  -> (artifact id: '9ed89deffc886883034d35b35932be15') in 0.023965 seconds
Number of updated asset objects reloaded before import = 0
Number of asset objects unloaded after import = 2
========================================================================
Received Import Request.
  Time since last request: 0.000031 seconds.
  path: Assets/Objects/Straddle Carrier/Bakes/Textures/Low Frame Middle.Low/New Material.mat
  artifactKey: Guid(0de92aef096f12c43a3b7ead6cfbd5f4) Importer(815301076,1909f56bfc062723c751e8b465ee728b)
Start importing Assets/Objects/Straddle Carrier/Bakes/Textures/Low Frame Middle.Low/New Material.mat using Guid(0de92aef096f12c43a3b7ead6cfbd5f4) Importer(815301076,1909f56bfc062723c751e8b465ee728b)  -> (artifact id: '32b389447cec76cad8e020df9914e103') in 0.268187 seconds
Number of updated asset objects reloaded before import = 0
Number of asset objects unloaded after import = 4
========================================================================
Received Import Request.
  Time since last request: 5.175933 seconds.
  path: Assets/Objects/Straddle Carrier/Bakes/Textures/Middle Frame.Low/Middle Frame.Low_Bake1_PBR StoA_Glossiness.png
  artifactKey: Guid(f6d512e7f6e7b4945bbe7acedfe6b26d) Importer(815301076,1909f56bfc062723c751e8b465ee728b)
Start importing Assets/Objects/Straddle Carrier/Bakes/Textures/Middle Frame.Low/Middle Frame.Low_Bake1_PBR StoA_Glossiness.png using Guid(f6d512e7f6e7b4945bbe7acedfe6b26d) Importer(815301076,1909f56bfc062723c751e8b465ee728b)  -> (artifact id: '2b6f7b642b3cc66a72ac400b362ff5b7') in 0.023808 seconds
Number of updated asset objects reloaded before import = 0
Number of asset objects unloaded after import = 2
========================================================================
Received Import Request.
  Time since last request: 0.000019 seconds.
  path: Assets/Objects/Straddle Carrier/Bakes/Textures/Middle Frame.Low/Middle Frame.Low_Bake1_PBR StoA_Metalness.png
  artifactKey: Guid(99848b71e3fc63d429b4c2c8cc196af5) Importer(815301076,1909f56bfc062723c751e8b465ee728b)
Start importing Assets/Objects/Straddle Carrier/Bakes/Textures/Middle Frame.Low/Middle Frame.Low_Bake1_PBR StoA_Metalness.png using Guid(99848b71e3fc63d429b4c2c8cc196af5) Importer(815301076,1909f56bfc062723c751e8b465ee728b)  -> (artifact id: '9e0e0684e19954b80d17aa01d77d6fe4') in 0.024203 seconds
Number of updated asset objects reloaded before import = 0
Number of asset objects unloaded after import = 2
========================================================================
Received Import Request.
  Time since last request: 211.212915 seconds.
  path: Assets/Objects/Background/Trapje.fbx
  artifactKey: Guid(e3db7fc92256b8b4aad3db292c672a53) Importer(815301076,1909f56bfc062723c751e8b465ee728b)
Start importing Assets/Objects/Background/Trapje.fbx using Guid(e3db7fc92256b8b4aad3db292c672a53) Importer(815301076,1909f56bfc062723c751e8b465ee728b)  -> (artifact id: '96179212d1c364ff59a4701b751e045e') in 0.097745 seconds
Number of updated asset objects reloaded before import = 0
Number of asset objects unloaded after import = 13
========================================================================
Received Import Request.
  Time since last request: 95.296813 seconds.
  path: Assets/Objects/Map/Textures/Containers/Containers sides/Containers Side.mat
  artifactKey: Guid(24ce843c3b28ec041b3af88d1c2e8688) Importer(815301076,1909f56bfc062723c751e8b465ee728b)
Start importing Assets/Objects/Map/Textures/Containers/Containers sides/Containers Side.mat using Guid(24ce843c3b28ec041b3af88d1c2e8688) Importer(815301076,1909f56bfc062723c751e8b465ee728b)  -> (artifact id: '5e5d428b7ea03a0a038d079685ff76f4') in 0.046856 seconds
Number of updated asset objects reloaded before import = 0
Number of asset objects unloaded after import = 4
========================================================================
Received Import Request.
  Time since last request: 0.000035 seconds.
  path: Assets/Objects/Map/Map2/Outside/Textures/Fake Back Side/Fake Back Side_Bake1_PBR StoA_Metalness.png
  artifactKey: Guid(cbc428e198499204297e4e60cc8a6348) Importer(815301076,1909f56bfc062723c751e8b465ee728b)
Start importing Assets/Objects/Map/Map2/Outside/Textures/Fake Back Side/Fake Back Side_Bake1_PBR StoA_Metalness.png using Guid(cbc428e198499204297e4e60cc8a6348) Importer(815301076,1909f56bfc062723c751e8b465ee728b)  -> (artifact id: '4f60d961dc9b94725632e24fe6d90334') in 0.024573 seconds
Number of updated asset objects reloaded before import = 0
Number of asset objects unloaded after import = 2
========================================================================
Received Import Request.
  Time since last request: 0.000069 seconds.
  path: Assets/Objects/Map/Map2/Garage Door.fbx
  artifactKey: Guid(87fbb7a688d2a0549b63d4e9e2df00c3) Importer(815301076,1909f56bfc062723c751e8b465ee728b)
Start importing Assets/Objects/Map/Map2/Garage Door.fbx using Guid(87fbb7a688d2a0549b63d4e9e2df00c3) Importer(815301076,1909f56bfc062723c751e8b465ee728b)  -> (artifact id: '31128f0fa45bc39f8371bfdf3e184ce4') in 0.119424 seconds
Number of updated asset objects reloaded before import = 0
Number of asset objects unloaded after import = 33
========================================================================
Received Import Request.
  Time since last request: 0.000045 seconds.
  path: Assets/Objects/Map/Map2/Outside/Textures/Side Wall/Side Wall.mat
  artifactKey: Guid(0537078d590b0874a8171306efcced4a) Importer(815301076,1909f56bfc062723c751e8b465ee728b)
Start importing Assets/Objects/Map/Map2/Outside/Textures/Side Wall/Side Wall.mat using Guid(0537078d590b0874a8171306efcced4a) Importer(815301076,1909f56bfc062723c751e8b465ee728b)  -> (artifact id: '8ae7d991df55c76de7e0219401e72ae6') in 0.031418 seconds
Number of updated asset objects reloaded before import = 0
Number of asset objects unloaded after import = 5
========================================================================
Received Import Request.
  Time since last request: 0.000026 seconds.
  path: Assets/Objects/Map/Map2/Outside/Textures/Side Wall/Side Wall_Bake1_PBR StoA_Normal.png
  artifactKey: Guid(1be70ed23dc8f8b40bf83fe70e6dce96) Importer(815301076,1909f56bfc062723c751e8b465ee728b)
Start importing Assets/Objects/Map/Map2/Outside/Textures/Side Wall/Side Wall_Bake1_PBR StoA_Normal.png using Guid(1be70ed23dc8f8b40bf83fe70e6dce96) Importer(815301076,1909f56bfc062723c751e8b465ee728b)  -> (artifact id: 'c46c8801513209f257e5335024087464') in 0.042643 seconds
Number of updated asset objects reloaded before import = 0
Number of asset objects unloaded after import = 2
========================================================================
Received Import Request.
  Time since last request: 0.000019 seconds.
  path: Assets/Objects/Straddle Carrier/Old/Textures/Ladders on the side/Ladders on the side.Low_Bake1_PBR StoA_Metalness.png
  artifactKey: Guid(0469edecc8eaa5f4cb8147a7b95f84d5) Importer(815301076,1909f56bfc062723c751e8b465ee728b)
Start importing Assets/Objects/Straddle Carrier/Old/Textures/Ladders on the side/Ladders on the side.Low_Bake1_PBR StoA_Metalness.png using Guid(0469edecc8eaa5f4cb8147a7b95f84d5) Importer(815301076,1909f56bfc062723c751e8b465ee728b)  -> (artifact id: '28bd73d487621a563998b6c6121bcfa0') in 0.023886 seconds
Number of updated asset objects reloaded before import = 0
Number of asset objects unloaded after import = 2
========================================================================
Received Import Request.
  Time since last request: 0.000025 seconds.
  path: Assets/Objects/Map/Map2/Outside/Textures/Fake Back Side/Fake Back Side_Bake1_PBR StoA_Alpha.png
  artifactKey: Guid(ca57c3328810b1d4e851af4f56a4eaba) Importer(815301076,1909f56bfc062723c751e8b465ee728b)
Start importing Assets/Objects/Map/Map2/Outside/Textures/Fake Back Side/Fake Back Side_Bake1_PBR StoA_Alpha.png using Guid(ca57c3328810b1d4e851af4f56a4eaba) Importer(815301076,1909f56bfc062723c751e8b465ee728b)  -> (artifact id: 'b81cb1b45186e3990ce0e42daa429aa7') in 0.020553 seconds
Number of updated asset objects reloaded before import = 0
Number of asset objects unloaded after import = 2
========================================================================
Received Import Request.
  Time since last request: 0.000031 seconds.
  path: Assets/Objects/Map/Map2/Outside/Textures/Fake Back Side/Fake Back Side_Bake1_PBR StoA_Normal.png
  artifactKey: Guid(18db30479c1197c47b781f2849407b20) Importer(815301076,1909f56bfc062723c751e8b465ee728b)
Start importing Assets/Objects/Map/Map2/Outside/Textures/Fake Back Side/Fake Back Side_Bake1_PBR StoA_Normal.png using Guid(18db30479c1197c47b781f2849407b20) Importer(815301076,1909f56bfc062723c751e8b465ee728b)  -> (artifact id: '8d8b219b2257b235f431b76d44839249') in 0.025569 seconds
Number of updated asset objects reloaded before import = 0
Number of asset objects unloaded after import = 2
========================================================================
Received Import Request.
  Time since last request: 0.000028 seconds.
  path: Assets/Objects/Map/Textures/Door/Side Poles.Low_Bake1_PBR StoA_Diffuse.png
  artifactKey: Guid(f8052c4909e97a948ad67568426126c0) Importer(815301076,1909f56bfc062723c751e8b465ee728b)
Start importing Assets/Objects/Map/Textures/Door/Side Poles.Low_Bake1_PBR StoA_Diffuse.png using Guid(f8052c4909e97a948ad67568426126c0) Importer(815301076,1909f56bfc062723c751e8b465ee728b)  -> (artifact id: '13146a300d68fea7a203feb8582782ab') in 0.028674 seconds
Number of updated asset objects reloaded before import = 0
Number of asset objects unloaded after import = 2
========================================================================
Received Import Request.
  Time since last request: 0.000025 seconds.
  path: Assets/Objects/Straddle Carrier/Old/Textures/Ladders on the side/Ladders on the side.Low_Bake1_PBR_Ambient Occlusion.png
  artifactKey: Guid(dca10a31982d6af4ebf43f5a31f0fad0) Importer(815301076,1909f56bfc062723c751e8b465ee728b)
Start importing Assets/Objects/Straddle Carrier/Old/Textures/Ladders on the side/Ladders on the side.Low_Bake1_PBR_Ambient Occlusion.png using Guid(dca10a31982d6af4ebf43f5a31f0fad0) Importer(815301076,1909f56bfc062723c751e8b465ee728b)  -> (artifact id: 'df889690aad72c32a9da5fdfb45a087e') in 0.021379 seconds
Number of updated asset objects reloaded before import = 0
Number of asset objects unloaded after import = 2
========================================================================
Received Import Request.
  Time since last request: 0.000035 seconds.
  path: Assets/Objects/Map/Map2/Outside/Textures/Side Wall/Side Wall_Bake1_PBR StoA_Alpha.png
  artifactKey: Guid(e9a3a5c173dd8d7489aee86f13fb5dd9) Importer(815301076,1909f56bfc062723c751e8b465ee728b)
Start importing Assets/Objects/Map/Map2/Outside/Textures/Side Wall/Side Wall_Bake1_PBR StoA_Alpha.png using Guid(e9a3a5c173dd8d7489aee86f13fb5dd9) Importer(815301076,1909f56bfc062723c751e8b465ee728b)  -> (artifact id: '4f19f97448686e0020fc33174e01c4b7') in 0.021156 seconds
Number of updated asset objects reloaded before import = 0
Number of asset objects unloaded after import = 2
========================================================================
Received Import Request.
  Time since last request: 0.000027 seconds.
  path: Assets/Scenes/MainScene/Inside Profile.asset
  artifactKey: Guid(ec2cadddeca238e4399be26043605eb5) Importer(815301076,1909f56bfc062723c751e8b465ee728b)
Start importing Assets/Scenes/MainScene/Inside Profile.asset using Guid(ec2cadddeca238e4399be26043605eb5) Importer(815301076,1909f56bfc062723c751e8b465ee728b)  -> (artifact id: '85b09524ba88f86da0774aad30690048') in 0.003173 seconds
Number of updated asset objects reloaded before import = 0
Number of asset objects unloaded after import = 2
========================================================================
Received Import Request.
  Time since last request: 0.000039 seconds.
  path: Assets/Objects/Map/Map2/Outside/New outside.fbx
  artifactKey: Guid(252a61c50a2759b47b2322ae06366d10) Importer(815301076,1909f56bfc062723c751e8b465ee728b)
Start importing Assets/Objects/Map/Map2/Outside/New outside.fbx using Guid(252a61c50a2759b47b2322ae06366d10) Importer(815301076,1909f56bfc062723c751e8b465ee728b)  -> (artifact id: '0d62b05d952621c202bda29aa407ec82') in 0.080318 seconds
Number of updated asset objects reloaded before import = 0
Number of asset objects unloaded after import = 35
========================================================================
Received Import Request.
  Time since last request: 0.000019 seconds.
  path: Assets/Objects/Straddle Carrier/Old/Textures/Ladders on the side/Ladders on the side.Low_Bake1_PBR StoA_Normal.png
  artifactKey: Guid(2b3230c3e26d75142804cac82ecd42c4) Importer(815301076,1909f56bfc062723c751e8b465ee728b)
Start importing Assets/Objects/Straddle Carrier/Old/Textures/Ladders on the side/Ladders on the side.Low_Bake1_PBR StoA_Normal.png using Guid(2b3230c3e26d75142804cac82ecd42c4) Importer(815301076,1909f56bfc062723c751e8b465ee728b)  -> (artifact id: '847fccbaa968231b3f66443e003d77e7') in 0.019763 seconds
Number of updated asset objects reloaded before import = 0
Number of asset objects unloaded after import = 2
========================================================================
Received Import Request.
  Time since last request: 0.000032 seconds.
  path: Assets/Objects/Map/Materials/Side Poles.mat
  artifactKey: Guid(af58b33313f96eb4db0eb5f117862aab) Importer(815301076,1909f56bfc062723c751e8b465ee728b)
Start importing Assets/Objects/Map/Materials/Side Poles.mat using Guid(af58b33313f96eb4db0eb5f117862aab) Importer(815301076,1909f56bfc062723c751e8b465ee728b)  -> (artifact id: '249fdb8ac5d70df3856fdad7f8740e0c') in 0.033054 seconds
Number of updated asset objects reloaded before import = 0
Number of asset objects unloaded after import = 5
