Using pre-set license
Built from '2022.3/staging' branch; Version is '2022.3.10f1 (ff3792e53c62) revision 16725906'; Using compiler version '192829333'; Build Type 'Release'
OS: 'Windows 11  (10.0.22621) 64bit Core' Language: 'en' Physical Memory: 16321 MB
BatchMode: 1, IsHumanControllingUs: 0, StartBugReporterOnCrash: 0, Is64bit: 1, IsPro: 1

COMMAND LINE ARGUMENTS:
D:\Unity\2022.3.10f1\Editor\Unity.exe
-adb2
-batchMode
-noUpm
-name
AssetImportWorker4
-projectPath
F:/School/Git/Project-3D/Seaport_Mechanic
-logFile
Logs/AssetImportWorker4.log
-srvPort
57978
Successfully changed project path to: F:/School/Git/Project-3D/Seaport_Mechanic
F:/School/Git/Project-3D/Seaport_Mechanic
[UnityMemory] Configuration Parameters - Can be set up in boot.config
    "memorysetup-bucket-allocator-granularity=16"
    "memorysetup-bucket-allocator-bucket-count=8"
    "memorysetup-bucket-allocator-block-size=33554432"
    "memorysetup-bucket-allocator-block-count=8"
    "memorysetup-main-allocator-block-size=16777216"
    "memorysetup-thread-allocator-block-size=16777216"
    "memorysetup-gfx-main-allocator-block-size=16777216"
    "memorysetup-gfx-thread-allocator-block-size=16777216"
    "memorysetup-cache-allocator-block-size=4194304"
    "memorysetup-typetree-allocator-block-size=2097152"
    "memorysetup-profiler-bucket-allocator-granularity=16"
    "memorysetup-profiler-bucket-allocator-bucket-count=8"
    "memorysetup-profiler-bucket-allocator-block-size=33554432"
    "memorysetup-profiler-bucket-allocator-block-count=8"
    "memorysetup-profiler-allocator-block-size=16777216"
    "memorysetup-profiler-editor-allocator-block-size=1048576"
    "memorysetup-temp-allocator-size-main=16777216"
    "memorysetup-job-temp-allocator-block-size=2097152"
    "memorysetup-job-temp-allocator-block-size-background=1048576"
    "memorysetup-job-temp-allocator-reduction-small-platforms=262144"
    "memorysetup-allocator-temp-initial-block-size-main=262144"
    "memorysetup-allocator-temp-initial-block-size-worker=262144"
    "memorysetup-temp-allocator-size-background-worker=32768"
    "memorysetup-temp-allocator-size-job-worker=262144"
    "memorysetup-temp-allocator-size-preload-manager=33554432"
    "memorysetup-temp-allocator-size-nav-mesh-worker=65536"
    "memorysetup-temp-allocator-size-audio-worker=65536"
    "memorysetup-temp-allocator-size-cloud-worker=32768"
    "memorysetup-temp-allocator-size-gi-baking-worker=262144"
    "memorysetup-temp-allocator-size-gfx=262144"
Player connection [50504] Host "[IP] 192.168.0.105 [Port] 0 [Flags] 2 [Guid] 3018222218 [EditorId] 3018222218 [Version] 1048832 [Id] WindowsEditor(7,Glimfey) [Debug] 1 [PackageName] WindowsEditor [ProjectName] Editor" joined multi-casting on [225.0.0.222:54997]...

Player connection [50504] Host "[IP] 192.168.0.105 [Port] 0 [Flags] 2 [Guid] 3018222218 [EditorId] 3018222218 [Version] 1048832 [Id] WindowsEditor(7,Glimfey) [Debug] 1 [PackageName] WindowsEditor [ProjectName] Editor" joined alternative multi-casting on [225.0.0.222:34997]...

[Physics::Module] Initialized MultithreadedJobDispatcher with 7 workers.
Refreshing native plugins compatible for Editor in 29.03 ms, found 12 plugins.
Preloading 1 native plugins for Editor in 1.25 ms.
Initialize engine version: 2022.3.10f1 (ff3792e53c62)
[Subsystems] Discovering subsystems at path D:/Unity/2022.3.10f1/Editor/Data/Resources/UnitySubsystems
[Subsystems] Discovering subsystems at path F:/School/Git/Project-3D/Seaport_Mechanic/Assets
GfxDevice: creating device client; threaded=0; jobified=0
Direct3D:
    Version:  Direct3D 11.0 [level 11.1]
    Renderer: NVIDIA GeForce RTX 3060 (ID=0x2487)
    Vendor:   NVIDIA
    VRAM:     12124 MB
    Driver:   31.0.15.3713
Initialize mono
Mono path[0] = 'D:/Unity/2022.3.10f1/Editor/Data/Managed'
Mono path[1] = 'D:/Unity/2022.3.10f1/Editor/Data/MonoBleedingEdge/lib/mono/unityjit-win32'
Mono config path = 'D:/Unity/2022.3.10f1/Editor/Data/MonoBleedingEdge/etc'
Using monoOptions --debugger-agent=transport=dt_socket,embedding=1,server=y,suspend=n,address=127.0.0.1:56960
Begin MonoManager ReloadAssembly
Registering precompiled unity dll's ...
Register platform support module: D:/Unity/2022.3.10f1/Editor/Data/PlaybackEngines/AndroidPlayer/UnityEditor.Android.Extensions.dll
Register platform support module: D:/Unity/2022.3.10f1/Editor/Data/PlaybackEngines/WindowsStandaloneSupport/UnityEditor.WindowsStandalone.Extensions.dll
Registered in 0.005997 seconds.
- Loaded All Assemblies, in  0.443 seconds
Native extension for WindowsStandalone target not found
Native extension for Android target not found
Android Extension - Scanning For ADB Devices 371 ms
Mono: successfully reloaded assembly
- Finished resetting the current domain, in  0.740 seconds
Domain Reload Profiling: 1183ms
	BeginReloadAssembly (151ms)
		ExecutionOrderSort (0ms)
		DisableScriptedObjects (0ms)
		BackupInstance (0ms)
		ReleaseScriptingObjects (0ms)
		CreateAndSetChildDomain (1ms)
	RebuildCommonClasses (38ms)
	RebuildNativeTypeToScriptingClass (12ms)
	initialDomainReloadingComplete (54ms)
	LoadAllAssembliesAndSetupDomain (188ms)
		LoadAssemblies (152ms)
		RebuildTransferFunctionScriptingTraits (0ms)
		AnalyzeDomain (185ms)
			TypeCache.Refresh (183ms)
				TypeCache.ScanAssembly (168ms)
			ScanForSourceGeneratedMonoScriptInfo (0ms)
			ResolveRequiredComponents (0ms)
	FinalizeReload (740ms)
		ReleaseScriptCaches (0ms)
		RebuildScriptCaches (0ms)
		SetupLoadedEditorAssemblies (670ms)
			LogAssemblyErrors (0ms)
			InitializePlatformSupportModulesInManaged (511ms)
			SetLoadedEditorAssemblies (4ms)
			RefreshPlugins (0ms)
			BeforeProcessingInitializeOnLoad (3ms)
			ProcessInitializeOnLoadAttributes (102ms)
			ProcessInitializeOnLoadMethodAttributes (51ms)
			AfterProcessingInitializeOnLoad (0ms)
			EditorAssembliesLoaded (0ms)
		ExecutionOrderSort2 (0ms)
		AwakeInstancesAfterBackupRestoration (0ms)
========================================================================
Worker process is ready to serve import requests
Begin MonoManager ReloadAssembly
- Loaded All Assemblies, in  0.989 seconds
Refreshing native plugins compatible for Editor in 17.00 ms, found 12 plugins.
Native extension for WindowsStandalone target not found
Native extension for Android target not found
Package Manager log level set to [2]
[Package Manager] Server::EnsureServerProcessIsRunning -- launch failed, reason: Unity was launched with the -noUpm command-line argument
[Package Manager] UpmClient::Send -- Unable to send message (not connected to UPM process).
[Package Manager] Cannot connect to Unity Package Manager local server
[Package Manager] Server::EnsureServerProcessIsRunning -- launch failed, reason: Unity was launched with the -noUpm command-line argument
[Package Manager] UpmClient::Send -- Unable to send message (not connected to UPM process).
[Package Manager] Cannot connect to Unity Package Manager local server
System.Reflection.TargetInvocationException: Exception has been thrown by the target of an invocation. ---> System.NullReferenceException: Object reference not set to an instance of an object
  at Unity.XR.Oculus.OculusLoader.AssetPathToAbsolutePath (System.String assetPath) [0x0003d] in .\Library\PackageCache\com.unity.xr.oculus@4.0.0\Runtime\OculusLoader.cs:282 
  at Unity.XR.Oculus.OculusLoader.EditorLoadOVRPlugin () [0x0007b] in .\Library\PackageCache\com.unity.xr.oculus@4.0.0\Runtime\OculusLoader.cs:267 
  at (wrapper managed-to-native) System.Reflection.RuntimeMethodInfo.InternalInvoke(System.Reflection.RuntimeMethodInfo,object,object[],System.Exception&)
  at System.Reflection.RuntimeMethodInfo.Invoke (System.Object obj, System.Reflection.BindingFlags invokeAttr, System.Reflection.Binder binder, System.Object[] parameters, System.Globalization.CultureInfo culture) [0x0006a] in <787acc3c9a4c471ba7d971300105af24>:0 
   --- End of inner exception stack trace ---
  at System.Reflection.RuntimeMethodInfo.Invoke (System.Object obj, System.Reflection.BindingFlags invokeAttr, System.Reflection.Binder binder, System.Object[] parameters, System.Globalization.CultureInfo culture) [0x00083] in <787acc3c9a4c471ba7d971300105af24>:0 
  at System.Reflection.MethodBase.Invoke (System.Object obj, System.Object[] parameters) [0x00000] in <787acc3c9a4c471ba7d971300105af24>:0 
  at UnityEditor.EditorAssemblies.ProcessInitializeOnLoadMethodAttributes () [0x000a5] in <fe7039efe678478d9c83e73bc6a6566d>:0 
UnityEngine.StackTraceUtility:ExtractStackTrace ()
UnityEngine.DebugLogHandler:LogFormat (UnityEngine.LogType,UnityEngine.Object,string,object[])
UnityEngine.Logger:Log (UnityEngine.LogType,object)
UnityEngine.Debug:LogError (object)
UnityEditor.EditorAssemblies:ProcessInitializeOnLoadMethodAttributes ()

Mono: successfully reloaded assembly
[Package Manager] Server::EnsureServerProcessIsRunning -- launch failed, reason: Unity was launched with the -noUpm command-line argument
[Package Manager] UpmClient::Send -- Unable to send message (not connected to UPM process).
[Package Manager] Cannot connect to Unity Package Manager local server
[Package Manager] Server::EnsureServerProcessIsRunning -- launch failed, reason: Unity was launched with the -noUpm command-line argument
[Package Manager] UpmClient::Send -- Unable to send message (not connected to UPM process).
[Package Manager] Cannot connect to Unity Package Manager local server
- Finished resetting the current domain, in  1.033 seconds
Domain Reload Profiling: 2021ms
	BeginReloadAssembly (217ms)
		ExecutionOrderSort (0ms)
		DisableScriptedObjects (7ms)
		BackupInstance (0ms)
		ReleaseScriptingObjects (0ms)
		CreateAndSetChildDomain (30ms)
	RebuildCommonClasses (70ms)
	RebuildNativeTypeToScriptingClass (14ms)
	initialDomainReloadingComplete (50ms)
	LoadAllAssembliesAndSetupDomain (637ms)
		LoadAssemblies (442ms)
		RebuildTransferFunctionScriptingTraits (0ms)
		AnalyzeDomain (328ms)
			TypeCache.Refresh (274ms)
				TypeCache.ScanAssembly (246ms)
			ScanForSourceGeneratedMonoScriptInfo (35ms)
			ResolveRequiredComponents (19ms)
	FinalizeReload (1033ms)
		ReleaseScriptCaches (0ms)
		RebuildScriptCaches (0ms)
		SetupLoadedEditorAssemblies (791ms)
			LogAssemblyErrors (0ms)
			InitializePlatformSupportModulesInManaged (36ms)
			SetLoadedEditorAssemblies (4ms)
			RefreshPlugins (0ms)
			BeforeProcessingInitializeOnLoad (102ms)
			ProcessInitializeOnLoadAttributes (511ms)
			ProcessInitializeOnLoadMethodAttributes (135ms)
			AfterProcessingInitializeOnLoad (3ms)
			EditorAssembliesLoaded (0ms)
		ExecutionOrderSort2 (0ms)
		AwakeInstancesAfterBackupRestoration (8ms)
Launched and connected shader compiler UnityShaderCompiler.exe after 0.12 seconds
Refreshing native plugins compatible for Editor in 18.67 ms, found 12 plugins.
Preloading 1 native plugins for Editor in 0.06 ms.
Unloading 6113 Unused Serialized files (Serialized files now loaded: 0)
Unloading 106 unused Assets / (367.4 KB). Loaded Objects now: 6582.
Memory consumption went from 231.2 MB to 230.9 MB.
Total: 6.581300 ms (FindLiveObjects: 0.576700 ms CreateObjectMapping: 0.847700 ms MarkObjects: 4.698000 ms  DeleteObjects: 0.457500 ms)

AssetImportParameters requested are different than current active one (requested -> active):
  custom:container-demuxer-ogg: 62fdf1f143b41e24485cea50d1cbac27 -> 
  custom:video-codec-MediaFoundation-h265: 746d11721c4dcdbdad8f713fa42b33f4 -> 
  custom:video-decoder-ogg-theora: a1e56fd34408186e4bbccfd4996cb3dc -> 
  custom:framework-win-MediaFoundation: 216162199b28c13a410421893ffa2e32 -> 
  custom:CustomObjectIndexerAttribute: a3ef5dd2817f97addfee359851a9dba5 -> 
  custom:container-demuxer-webm: 4f35f7cbe854078d1ac9338744f61a02 -> 
  custom:container-muxer-webm: aa71ff27fc2769a1b78a27578f13a17b -> 
  custom:video-decoder-webm-vp8: 9c59270c3fd7afecdb556c50c9e8de78 -> 
  custom:SearchIndexIgnoredProperties: e643bd26f0fe6173181afceb89e7c659 -> 
  custom:AudioImporter_EditorPlatform: d09bf68614088b80899f8185d706f6e7 -> 
  custom:video-encoder-webm-vp8: eb34c28f22e8b96e1ab97ce403110664 -> 
  custom:audio-decoder-ogg-vorbis: bf7c407c2cedff20999df2af8eb42d56 -> 
  custom:audio-encoder-webm-vorbis: bf7c407c2cedff20999df2af8eb42d56 -> 
========================================================================
Received Import Request.
  Time since last request: 1968865.977955 seconds.
  path: Assets/Objects/KleedRuimte/Materials
  artifactKey: Guid(db8ae51628266264580a86309479d7b2) Importer(815301076,1909f56bfc062723c751e8b465ee728b)
Start importing Assets/Objects/KleedRuimte/Materials using Guid(db8ae51628266264580a86309479d7b2) Importer(815301076,1909f56bfc062723c751e8b465ee728b)  -> (artifact id: 'c1a93d9c25188a951eecf1996c607a21') in 0.002736 seconds
Number of updated asset objects reloaded before import = 0
Number of asset objects unloaded after import = 0
========================================================================
Received Import Request.
  Time since last request: 24.978548 seconds.
  path: Assets/Objects/KleedRuimte/Materials/New Material.mat
  artifactKey: Guid(f13abdd45b182bd4bb4a01fb2da476d2) Importer(815301076,1909f56bfc062723c751e8b465ee728b)
Start importing Assets/Objects/KleedRuimte/Materials/New Material.mat using Guid(f13abdd45b182bd4bb4a01fb2da476d2) Importer(815301076,1909f56bfc062723c751e8b465ee728b)  -> (artifact id: '49ab5ac4e8f44f1237342dbd6270bbeb') in 0.340112 seconds
Number of updated asset objects reloaded before import = 0
Number of asset objects unloaded after import = 2
========================================================================
Received Import Request.
  Time since last request: 1.238247 seconds.
  path: Assets/Objects/KleedRuimte/Materials/New Material 1.mat
  artifactKey: Guid(b18a1123b05ae8642a82bfc442c108c4) Importer(815301076,1909f56bfc062723c751e8b465ee728b)
Start importing Assets/Objects/KleedRuimte/Materials/New Material 1.mat using Guid(b18a1123b05ae8642a82bfc442c108c4) Importer(815301076,1909f56bfc062723c751e8b465ee728b)  -> (artifact id: 'ca1bfaad537197363d58e3deda63cbd6') in 0.017614 seconds
Number of updated asset objects reloaded before import = 0
Number of asset objects unloaded after import = 2
========================================================================
Received Import Request.
  Time since last request: 0.672465 seconds.
  path: Assets/Objects/KleedRuimte/Materials/New Material 2.mat
  artifactKey: Guid(481fd4c0dd681a24faa67c56e6b6c5a1) Importer(815301076,1909f56bfc062723c751e8b465ee728b)
Start importing Assets/Objects/KleedRuimte/Materials/New Material 2.mat using Guid(481fd4c0dd681a24faa67c56e6b6c5a1) Importer(815301076,1909f56bfc062723c751e8b465ee728b)  -> (artifact id: 'e41ded4c77c566cb728aefaeea2f3004') in 0.016390 seconds
Number of updated asset objects reloaded before import = 0
Number of asset objects unloaded after import = 2
========================================================================
Received Import Request.
  Time since last request: 0.822745 seconds.
  path: Assets/Objects/KleedRuimte/Materials/New Material 3.mat
  artifactKey: Guid(42b9b14dcbc5ae94e972b36eebf75d6b) Importer(815301076,1909f56bfc062723c751e8b465ee728b)
Start importing Assets/Objects/KleedRuimte/Materials/New Material 3.mat using Guid(42b9b14dcbc5ae94e972b36eebf75d6b) Importer(815301076,1909f56bfc062723c751e8b465ee728b)  -> (artifact id: 'b107d3884619efc5870453ead5340013') in 0.019034 seconds
Number of updated asset objects reloaded before import = 0
Number of asset objects unloaded after import = 2
========================================================================
Received Import Request.
  Time since last request: 0.357688 seconds.
  path: Assets/Objects/KleedRuimte/Materials/New Material 4.mat
  artifactKey: Guid(9f354636277be444395d2b6162b943f2) Importer(815301076,1909f56bfc062723c751e8b465ee728b)
Start importing Assets/Objects/KleedRuimte/Materials/New Material 4.mat using Guid(9f354636277be444395d2b6162b943f2) Importer(815301076,1909f56bfc062723c751e8b465ee728b)  -> (artifact id: 'be6e775a6947e88018c11ebee2709275') in 0.015924 seconds
Number of updated asset objects reloaded before import = 0
Number of asset objects unloaded after import = 2
========================================================================
Received Import Request.
  Time since last request: 0.674722 seconds.
  path: Assets/Objects/KleedRuimte/Materials/New Material 5.mat
  artifactKey: Guid(cbc122563fd456041985850717fff0bd) Importer(815301076,1909f56bfc062723c751e8b465ee728b)
Start importing Assets/Objects/KleedRuimte/Materials/New Material 5.mat using Guid(cbc122563fd456041985850717fff0bd) Importer(815301076,1909f56bfc062723c751e8b465ee728b)  -> (artifact id: '717dcd1cd9aad5b0e4f8b0b4b932a339') in 0.015394 seconds
Number of updated asset objects reloaded before import = 0
Number of asset objects unloaded after import = 2
========================================================================
Received Import Request.
  Time since last request: 0.575198 seconds.
  path: Assets/Objects/KleedRuimte/Materials/New Material 6.mat
  artifactKey: Guid(19fcf09d10a0ea24f829abd43263f644) Importer(815301076,1909f56bfc062723c751e8b465ee728b)
Start importing Assets/Objects/KleedRuimte/Materials/New Material 6.mat using Guid(19fcf09d10a0ea24f829abd43263f644) Importer(815301076,1909f56bfc062723c751e8b465ee728b)  -> (artifact id: '6c7421fccd8a2a938a02f3d8171b5ff3') in 0.014747 seconds
Number of updated asset objects reloaded before import = 0
Number of asset objects unloaded after import = 2
========================================================================
Received Import Request.
  Time since last request: 0.673445 seconds.
  path: Assets/Objects/KleedRuimte/Materials/New Material 7.mat
  artifactKey: Guid(c64d60b17bda5cf4c88cbc5226c059cb) Importer(815301076,1909f56bfc062723c751e8b465ee728b)
Start importing Assets/Objects/KleedRuimte/Materials/New Material 7.mat using Guid(c64d60b17bda5cf4c88cbc5226c059cb) Importer(815301076,1909f56bfc062723c751e8b465ee728b)  -> (artifact id: '962f6b08fc0a7fc03dbca68a28fd9381') in 0.015495 seconds
Number of updated asset objects reloaded before import = 0
Number of asset objects unloaded after import = 2
========================================================================
Received Import Request.
  Time since last request: 0.541471 seconds.
  path: Assets/Objects/KleedRuimte/Materials/New Material 8.mat
  artifactKey: Guid(92b69e6d557efb74b816f10f0a245d37) Importer(815301076,1909f56bfc062723c751e8b465ee728b)
Start importing Assets/Objects/KleedRuimte/Materials/New Material 8.mat using Guid(92b69e6d557efb74b816f10f0a245d37) Importer(815301076,1909f56bfc062723c751e8b465ee728b)  -> (artifact id: 'd51d5d8fed93841516fbd161e0d2e7eb') in 0.018662 seconds
Number of updated asset objects reloaded before import = 0
Number of asset objects unloaded after import = 2
========================================================================
Received Import Request.
  Time since last request: 0.673270 seconds.
  path: Assets/Objects/KleedRuimte/Materials/New Material 9.mat
  artifactKey: Guid(4c8eadf330af10b4d9397914e494c585) Importer(815301076,1909f56bfc062723c751e8b465ee728b)
Start importing Assets/Objects/KleedRuimte/Materials/New Material 9.mat using Guid(4c8eadf330af10b4d9397914e494c585) Importer(815301076,1909f56bfc062723c751e8b465ee728b)  -> (artifact id: '9a12366b68d293c347d43af41017419e') in 0.016266 seconds
Number of updated asset objects reloaded before import = 0
Number of asset objects unloaded after import = 2
========================================================================
Received Import Request.
  Time since last request: 0.480610 seconds.
  path: Assets/Objects/KleedRuimte/Materials/New Material 10.mat
  artifactKey: Guid(c042fa5c15878f1449dad4c8587393fb) Importer(815301076,1909f56bfc062723c751e8b465ee728b)
Start importing Assets/Objects/KleedRuimte/Materials/New Material 10.mat using Guid(c042fa5c15878f1449dad4c8587393fb) Importer(815301076,1909f56bfc062723c751e8b465ee728b)  -> (artifact id: '5306799ed095a149ec234d654f78f5c5') in 0.017513 seconds
Number of updated asset objects reloaded before import = 0
Number of asset objects unloaded after import = 2
========================================================================
Received Import Request.
  Time since last request: 0.590550 seconds.
  path: Assets/Objects/KleedRuimte/Materials/New Material 11.mat
  artifactKey: Guid(64e64ff4a26e4624c846cdfd2f1db34d) Importer(815301076,1909f56bfc062723c751e8b465ee728b)
Start importing Assets/Objects/KleedRuimte/Materials/New Material 11.mat using Guid(64e64ff4a26e4624c846cdfd2f1db34d) Importer(815301076,1909f56bfc062723c751e8b465ee728b)  -> (artifact id: '1a7114d9aa93cb5446034f8a1b725217') in 0.018874 seconds
Number of updated asset objects reloaded before import = 0
Number of asset objects unloaded after import = 2
========================================================================
Received Import Request.
  Time since last request: 0.642589 seconds.
  path: Assets/Objects/KleedRuimte/Materials/New Material 12.mat
  artifactKey: Guid(820d3e851f62f0243a96a3e19a3a3ede) Importer(815301076,1909f56bfc062723c751e8b465ee728b)
Start importing Assets/Objects/KleedRuimte/Materials/New Material 12.mat using Guid(820d3e851f62f0243a96a3e19a3a3ede) Importer(815301076,1909f56bfc062723c751e8b465ee728b)  -> (artifact id: 'a152b10ccfcb8f924b42e7306e36ee04') in 0.017488 seconds
Number of updated asset objects reloaded before import = 0
Number of asset objects unloaded after import = 2
========================================================================
Received Import Request.
  Time since last request: 7.916453 seconds.
  path: Assets/Objects/KleedRuimte/Materials/Bank.mat
  artifactKey: Guid(f13abdd45b182bd4bb4a01fb2da476d2) Importer(815301076,1909f56bfc062723c751e8b465ee728b)
Start importing Assets/Objects/KleedRuimte/Materials/Bank.mat using Guid(f13abdd45b182bd4bb4a01fb2da476d2) Importer(815301076,1909f56bfc062723c751e8b465ee728b)  -> (artifact id: '8c0f9e9009dd5d5b4b307558094fdffd') in 0.017442 seconds
Number of updated asset objects reloaded before import = 0
Number of asset objects unloaded after import = 2
========================================================================
Received Import Request.
  Time since last request: 9.502363 seconds.
  path: Assets/Objects/KleedRuimte/Materials/Door Frame.mat
  artifactKey: Guid(b18a1123b05ae8642a82bfc442c108c4) Importer(815301076,1909f56bfc062723c751e8b465ee728b)
Start importing Assets/Objects/KleedRuimte/Materials/Door Frame.mat using Guid(b18a1123b05ae8642a82bfc442c108c4) Importer(815301076,1909f56bfc062723c751e8b465ee728b)  -> (artifact id: 'd6eb113058e08906331ddeed19687385') in 0.018548 seconds
Number of updated asset objects reloaded before import = 0
Number of asset objects unloaded after import = 2
========================================================================
Received Import Request.
  Time since last request: 7.332821 seconds.
  path: Assets/Objects/KleedRuimte/Materials/Door.mat
  artifactKey: Guid(481fd4c0dd681a24faa67c56e6b6c5a1) Importer(815301076,1909f56bfc062723c751e8b465ee728b)
Start importing Assets/Objects/KleedRuimte/Materials/Door.mat using Guid(481fd4c0dd681a24faa67c56e6b6c5a1) Importer(815301076,1909f56bfc062723c751e8b465ee728b)  -> (artifact id: '0263dbe73bf09c71a58c2cbc0aa96466') in 0.027610 seconds
Number of updated asset objects reloaded before import = 0
Number of asset objects unloaded after import = 2
========================================================================
Received Import Request.
  Time since last request: 5.827844 seconds.
  path: Assets/Objects/KleedRuimte/Materials/Floor.mat
  artifactKey: Guid(42b9b14dcbc5ae94e972b36eebf75d6b) Importer(815301076,1909f56bfc062723c751e8b465ee728b)
Start importing Assets/Objects/KleedRuimte/Materials/Floor.mat using Guid(42b9b14dcbc5ae94e972b36eebf75d6b) Importer(815301076,1909f56bfc062723c751e8b465ee728b)  -> (artifact id: '80d74f4d8627930d8e78893c7db678d0') in 0.017427 seconds
Number of updated asset objects reloaded before import = 0
Number of asset objects unloaded after import = 2
========================================================================
Received Import Request.
  Time since last request: 12.918133 seconds.
  path: Assets/Objects/KleedRuimte/Materials/White Board.mat
  artifactKey: Guid(9f354636277be444395d2b6162b943f2) Importer(815301076,1909f56bfc062723c751e8b465ee728b)
Start importing Assets/Objects/KleedRuimte/Materials/White Board.mat using Guid(9f354636277be444395d2b6162b943f2) Importer(815301076,1909f56bfc062723c751e8b465ee728b)  -> (artifact id: 'f4d5262422ebc5f26ea5776d82084adb') in 0.015844 seconds
Number of updated asset objects reloaded before import = 0
Number of asset objects unloaded after import = 2
========================================================================
Received Import Request.
  Time since last request: 9.991921 seconds.
  path: Assets/Objects/KleedRuimte/Materials/Handle 1.mat
  artifactKey: Guid(cbc122563fd456041985850717fff0bd) Importer(815301076,1909f56bfc062723c751e8b465ee728b)
Start importing Assets/Objects/KleedRuimte/Materials/Handle 1.mat using Guid(cbc122563fd456041985850717fff0bd) Importer(815301076,1909f56bfc062723c751e8b465ee728b)  -> (artifact id: 'aebc41e14adbb9d615e96aa648774174') in 0.017528 seconds
Number of updated asset objects reloaded before import = 0
Number of asset objects unloaded after import = 2
========================================================================
Received Import Request.
  Time since last request: 6.100115 seconds.
  path: Assets/Objects/KleedRuimte/Materials/Handle 2.mat
  artifactKey: Guid(19fcf09d10a0ea24f829abd43263f644) Importer(815301076,1909f56bfc062723c751e8b465ee728b)
Start importing Assets/Objects/KleedRuimte/Materials/Handle 2.mat using Guid(19fcf09d10a0ea24f829abd43263f644) Importer(815301076,1909f56bfc062723c751e8b465ee728b)  -> (artifact id: '4b220612c80d0909acf77d73dec34861') in 0.016350 seconds
Number of updated asset objects reloaded before import = 0
Number of asset objects unloaded after import = 2
========================================================================
Received Import Request.
  Time since last request: 14.576235 seconds.
  path: Assets/Objects/KleedRuimte/Materials/Inner Frame.mat
  artifactKey: Guid(c64d60b17bda5cf4c88cbc5226c059cb) Importer(815301076,1909f56bfc062723c751e8b465ee728b)
Start importing Assets/Objects/KleedRuimte/Materials/Inner Frame.mat using Guid(c64d60b17bda5cf4c88cbc5226c059cb) Importer(815301076,1909f56bfc062723c751e8b465ee728b)  -> (artifact id: 'f65365a32b131ebdd1519fd5411e7aa3') in 0.015960 seconds
Number of updated asset objects reloaded before import = 0
Number of asset objects unloaded after import = 2
========================================================================
Received Import Request.
  Time since last request: 7.598052 seconds.
  path: Assets/Objects/KleedRuimte/Materials/Lamp.mat
  artifactKey: Guid(92b69e6d557efb74b816f10f0a245d37) Importer(815301076,1909f56bfc062723c751e8b465ee728b)
Start importing Assets/Objects/KleedRuimte/Materials/Lamp.mat using Guid(92b69e6d557efb74b816f10f0a245d37) Importer(815301076,1909f56bfc062723c751e8b465ee728b)  -> (artifact id: 'a2bd7ba0c7be8176b221cf62b4930e43') in 0.016501 seconds
Number of updated asset objects reloaded before import = 0
Number of asset objects unloaded after import = 2
========================================================================
Received Import Request.
  Time since last request: 5.327530 seconds.
  path: Assets/Objects/KleedRuimte/Materials/Locker.mat
  artifactKey: Guid(4c8eadf330af10b4d9397914e494c585) Importer(815301076,1909f56bfc062723c751e8b465ee728b)
Start importing Assets/Objects/KleedRuimte/Materials/Locker.mat using Guid(4c8eadf330af10b4d9397914e494c585) Importer(815301076,1909f56bfc062723c751e8b465ee728b)  -> (artifact id: 'fad894e2e25b0301f1711080fc42195d') in 0.016897 seconds
Number of updated asset objects reloaded before import = 0
Number of asset objects unloaded after import = 2
========================================================================
Received Import Request.
  Time since last request: 9.378477 seconds.
  path: Assets/Objects/KleedRuimte/Materials/oof.mat
  artifactKey: Guid(c042fa5c15878f1449dad4c8587393fb) Importer(815301076,1909f56bfc062723c751e8b465ee728b)
Start importing Assets/Objects/KleedRuimte/Materials/oof.mat using Guid(c042fa5c15878f1449dad4c8587393fb) Importer(815301076,1909f56bfc062723c751e8b465ee728b)  -> (artifact id: 'f3c5edcd65c3bec43f32b0744303d61d') in 0.016100 seconds
Number of updated asset objects reloaded before import = 0
Number of asset objects unloaded after import = 2
========================================================================
Received Import Request.
  Time since last request: 7.589443 seconds.
  path: Assets/Objects/KleedRuimte/Materials/Roof.mat
  artifactKey: Guid(c042fa5c15878f1449dad4c8587393fb) Importer(815301076,1909f56bfc062723c751e8b465ee728b)
Start importing Assets/Objects/KleedRuimte/Materials/Roof.mat using Guid(c042fa5c15878f1449dad4c8587393fb) Importer(815301076,1909f56bfc062723c751e8b465ee728b)  -> (artifact id: '0b0989eb76a06825b034a21a4e39e664') in 0.020161 seconds
Number of updated asset objects reloaded before import = 0
Number of asset objects unloaded after import = 2
========================================================================
Received Import Request.
  Time since last request: 6.779320 seconds.
  path: Assets/Objects/KleedRuimte/Materials/Trash Bin.mat
  artifactKey: Guid(64e64ff4a26e4624c846cdfd2f1db34d) Importer(815301076,1909f56bfc062723c751e8b465ee728b)
Start importing Assets/Objects/KleedRuimte/Materials/Trash Bin.mat using Guid(64e64ff4a26e4624c846cdfd2f1db34d) Importer(815301076,1909f56bfc062723c751e8b465ee728b)  -> (artifact id: '5ab59885b4663d8a1dce67d3ace221a0') in 0.016146 seconds
Number of updated asset objects reloaded before import = 0
Number of asset objects unloaded after import = 2
========================================================================
Received Import Request.
  Time since last request: 7.263460 seconds.
  path: Assets/Objects/KleedRuimte/Materials/Wall.mat
  artifactKey: Guid(820d3e851f62f0243a96a3e19a3a3ede) Importer(815301076,1909f56bfc062723c751e8b465ee728b)
Start importing Assets/Objects/KleedRuimte/Materials/Wall.mat using Guid(820d3e851f62f0243a96a3e19a3a3ede) Importer(815301076,1909f56bfc062723c751e8b465ee728b)  -> (artifact id: '29eaef7316aab0213a90b6aeea7909f6') in 0.020590 seconds
Number of updated asset objects reloaded before import = 0
Number of asset objects unloaded after import = 2
========================================================================
Received Import Request.
  Time since last request: 288.905830 seconds.
  path: Assets/Objects/KleedRuimte/Textures/Handle 2 Low
  artifactKey: Guid(0f4e858001778f44ab0f79cb1b1aa892) Importer(815301076,1909f56bfc062723c751e8b465ee728b)
Start importing Assets/Objects/KleedRuimte/Textures/Handle 2 Low using Guid(0f4e858001778f44ab0f79cb1b1aa892) Importer(815301076,1909f56bfc062723c751e8b465ee728b)  -> (artifact id: '4240908cefb5b0b6be50733eb29fcf3e') in 0.001200 seconds
Number of updated asset objects reloaded before import = 0
Number of asset objects unloaded after import = 0
========================================================================
Received Import Request.
  Time since last request: 40.804060 seconds.
  path: Assets/Objects/KleedRuimte/Textures/Lamp Low/Lamp Low_Bake1_PBR StoA_Alpha.png
  artifactKey: Guid(cef954ee600f0aa4d846a65092bfcfe6) Importer(815301076,1909f56bfc062723c751e8b465ee728b)
Start importing Assets/Objects/KleedRuimte/Textures/Lamp Low/Lamp Low_Bake1_PBR StoA_Alpha.png using Guid(cef954ee600f0aa4d846a65092bfcfe6) Importer(815301076,1909f56bfc062723c751e8b465ee728b)  -> (artifact id: '0f0efb8f15143d126518e3b0a8a37af6') in 0.029336 seconds
Number of updated asset objects reloaded before import = 0
Number of asset objects unloaded after import = 2
========================================================================
Received Import Request.
  Time since last request: 145.515120 seconds.
  path: Assets/Objects/KleedRuimte/Textures/Wall Low
  artifactKey: Guid(79f3352ed2518eb478ff086bc591f998) Importer(815301076,1909f56bfc062723c751e8b465ee728b)
Start importing Assets/Objects/KleedRuimte/Textures/Wall Low using Guid(79f3352ed2518eb478ff086bc591f998) Importer(815301076,1909f56bfc062723c751e8b465ee728b)  -> (artifact id: 'c6a22535234b393d2b274e2fda0c18f6') in 0.001120 seconds
Number of updated asset objects reloaded before import = 0
Number of asset objects unloaded after import = 0
========================================================================
Received Import Request.
  Time since last request: 1.745945 seconds.
  path: Assets/Objects/KleedRuimte/Textures/Wall Low/Wall Low_Bake1_PBR StoA_Alpha.png
  artifactKey: Guid(034c7ed29e908f5498eae49f72fb6388) Importer(815301076,1909f56bfc062723c751e8b465ee728b)
Start importing Assets/Objects/KleedRuimte/Textures/Wall Low/Wall Low_Bake1_PBR StoA_Alpha.png using Guid(034c7ed29e908f5498eae49f72fb6388) Importer(815301076,1909f56bfc062723c751e8b465ee728b)  -> (artifact id: 'c9337ab83c06c784b313469a01c13310') in 0.018414 seconds
Number of updated asset objects reloaded before import = 0
Number of asset objects unloaded after import = 2
========================================================================
Received Import Request.
  Time since last request: 35.805665 seconds.
  path: Assets/Objects/KleedRuimte/Materials/Bank.mat
  artifactKey: Guid(f13abdd45b182bd4bb4a01fb2da476d2) Importer(815301076,1909f56bfc062723c751e8b465ee728b)
Start importing Assets/Objects/KleedRuimte/Materials/Bank.mat using Guid(f13abdd45b182bd4bb4a01fb2da476d2) Importer(815301076,1909f56bfc062723c751e8b465ee728b)  -> (artifact id: 'f94fdf100faa2770702ca2c2196f667f') in 0.057307 seconds
Number of updated asset objects reloaded before import = 0
Number of asset objects unloaded after import = 5
========================================================================
Received Import Request.
  Time since last request: 0.000020 seconds.
  path: Assets/Objects/KleedRuimte/Materials/White Board.mat
  artifactKey: Guid(9f354636277be444395d2b6162b943f2) Importer(815301076,1909f56bfc062723c751e8b465ee728b)
Start importing Assets/Objects/KleedRuimte/Materials/White Board.mat using Guid(9f354636277be444395d2b6162b943f2) Importer(815301076,1909f56bfc062723c751e8b465ee728b)  -> (artifact id: '0a648f4cd326ad8f4451080cfa02caed') in 0.043769 seconds
Number of updated asset objects reloaded before import = 0
Number of asset objects unloaded after import = 5
========================================================================
Received Import Request.
  Time since last request: 0.000024 seconds.
  path: Assets/Objects/KleedRuimte/Materials/Door Frame.mat
  artifactKey: Guid(b18a1123b05ae8642a82bfc442c108c4) Importer(815301076,1909f56bfc062723c751e8b465ee728b)
Start importing Assets/Objects/KleedRuimte/Materials/Door Frame.mat using Guid(b18a1123b05ae8642a82bfc442c108c4) Importer(815301076,1909f56bfc062723c751e8b465ee728b)  -> (artifact id: '0c577f554b229b50ab4ade620310ea02') in 0.056109 seconds
Number of updated asset objects reloaded before import = 0
Number of asset objects unloaded after import = 5
========================================================================
Received Import Request.
  Time since last request: 0.000030 seconds.
  path: Assets/Objects/KleedRuimte/Materials/Lamp.mat
  artifactKey: Guid(92b69e6d557efb74b816f10f0a245d37) Importer(815301076,1909f56bfc062723c751e8b465ee728b)
Start importing Assets/Objects/KleedRuimte/Materials/Lamp.mat using Guid(92b69e6d557efb74b816f10f0a245d37) Importer(815301076,1909f56bfc062723c751e8b465ee728b)  -> (artifact id: '961012f1cba08c3ef846967f19ebf13b') in 0.028803 seconds
Number of updated asset objects reloaded before import = 0
Number of asset objects unloaded after import = 6
========================================================================
Received Import Request.
  Time since last request: 0.000036 seconds.
  path: Assets/Objects/KleedRuimte/Materials/Handle 1.mat
  artifactKey: Guid(cbc122563fd456041985850717fff0bd) Importer(815301076,1909f56bfc062723c751e8b465ee728b)
Start importing Assets/Objects/KleedRuimte/Materials/Handle 1.mat using Guid(cbc122563fd456041985850717fff0bd) Importer(815301076,1909f56bfc062723c751e8b465ee728b)  -> (artifact id: '1d9bab0b9c3ac6ded9ce788f32735c68') in 0.023059 seconds
Number of updated asset objects reloaded before import = 0
Number of asset objects unloaded after import = 5
========================================================================
Received Import Request.
  Time since last request: 0.000020 seconds.
  path: Assets/Objects/KleedRuimte/Materials/Trash Bin.mat
  artifactKey: Guid(64e64ff4a26e4624c846cdfd2f1db34d) Importer(815301076,1909f56bfc062723c751e8b465ee728b)
Start importing Assets/Objects/KleedRuimte/Materials/Trash Bin.mat using Guid(64e64ff4a26e4624c846cdfd2f1db34d) Importer(815301076,1909f56bfc062723c751e8b465ee728b)  -> (artifact id: '33fecbb4209b2a955afe357f3512925b') in 0.031445 seconds
Number of updated asset objects reloaded before import = 0
Number of asset objects unloaded after import = 5
========================================================================
Received Import Request.
  Time since last request: 0.000021 seconds.
  path: Assets/Objects/KleedRuimte/Materials/Wall.mat
  artifactKey: Guid(820d3e851f62f0243a96a3e19a3a3ede) Importer(815301076,1909f56bfc062723c751e8b465ee728b)
Start importing Assets/Objects/KleedRuimte/Materials/Wall.mat using Guid(820d3e851f62f0243a96a3e19a3a3ede) Importer(815301076,1909f56bfc062723c751e8b465ee728b)  -> (artifact id: 'fabb41d667d8a68e75b33ab8ec139f31') in 0.028504 seconds
Number of updated asset objects reloaded before import = 0
Number of asset objects unloaded after import = 5
========================================================================
Received Import Request.
  Time since last request: 0.000022 seconds.
  path: Assets/Objects/KleedRuimte/Materials/Inner Frame.mat
  artifactKey: Guid(c64d60b17bda5cf4c88cbc5226c059cb) Importer(815301076,1909f56bfc062723c751e8b465ee728b)
Start importing Assets/Objects/KleedRuimte/Materials/Inner Frame.mat using Guid(c64d60b17bda5cf4c88cbc5226c059cb) Importer(815301076,1909f56bfc062723c751e8b465ee728b)  -> (artifact id: 'c7cf35025044bd27814f638cdd7aa9b0') in 0.023080 seconds
Number of updated asset objects reloaded before import = 0
Number of asset objects unloaded after import = 5
========================================================================
Received Import Request.
  Time since last request: 0.000023 seconds.
  path: Assets/Objects/KleedRuimte/Materials/Roof.mat
  artifactKey: Guid(c042fa5c15878f1449dad4c8587393fb) Importer(815301076,1909f56bfc062723c751e8b465ee728b)
Start importing Assets/Objects/KleedRuimte/Materials/Roof.mat using Guid(c042fa5c15878f1449dad4c8587393fb) Importer(815301076,1909f56bfc062723c751e8b465ee728b)  -> (artifact id: '548f1221b5e32cf36e50a667555c93d3') in 0.025583 seconds
Number of updated asset objects reloaded before import = 0
Number of asset objects unloaded after import = 5
========================================================================
Received Import Request.
  Time since last request: 0.000024 seconds.
  path: Assets/Objects/KleedRuimte/Materials/Handle 2.mat
  artifactKey: Guid(19fcf09d10a0ea24f829abd43263f644) Importer(815301076,1909f56bfc062723c751e8b465ee728b)
Start importing Assets/Objects/KleedRuimte/Materials/Handle 2.mat using Guid(19fcf09d10a0ea24f829abd43263f644) Importer(815301076,1909f56bfc062723c751e8b465ee728b)  -> (artifact id: '25108b8ffcd70dad356ef81899cd2e50') in 0.105280 seconds
Number of updated asset objects reloaded before import = 0
Number of asset objects unloaded after import = 5
========================================================================
Received Import Request.
  Time since last request: 0.000021 seconds.
  path: Assets/Objects/KleedRuimte/Materials/Locker.mat
  artifactKey: Guid(4c8eadf330af10b4d9397914e494c585) Importer(815301076,1909f56bfc062723c751e8b465ee728b)
Start importing Assets/Objects/KleedRuimte/Materials/Locker.mat using Guid(4c8eadf330af10b4d9397914e494c585) Importer(815301076,1909f56bfc062723c751e8b465ee728b)  -> (artifact id: 'e40ea658bd6197092b1f83a16fbe5992') in 0.071414 seconds
Number of updated asset objects reloaded before import = 0
Number of asset objects unloaded after import = 5
========================================================================
Received Import Request.
  Time since last request: 0.000031 seconds.
  path: Assets/Objects/KleedRuimte/Materials/Floor.mat
  artifactKey: Guid(42b9b14dcbc5ae94e972b36eebf75d6b) Importer(815301076,1909f56bfc062723c751e8b465ee728b)
Start importing Assets/Objects/KleedRuimte/Materials/Floor.mat using Guid(42b9b14dcbc5ae94e972b36eebf75d6b) Importer(815301076,1909f56bfc062723c751e8b465ee728b)  -> (artifact id: '57d0bc39d2b4916829e4de58a994d2f3') in 0.025099 seconds
Number of updated asset objects reloaded before import = 0
Number of asset objects unloaded after import = 5
========================================================================
Received Import Request.
  Time since last request: 44.846804 seconds.
  path: Assets/Objects/KleedRuimte/Textures/Lamp Low/Lamp Low_Bake1_PBR StoA_Diffuse.png
  artifactKey: Guid(a6de668d9a9e19b43b91c93389168301) Importer(815301076,1909f56bfc062723c751e8b465ee728b)
Start importing Assets/Objects/KleedRuimte/Textures/Lamp Low/Lamp Low_Bake1_PBR StoA_Diffuse.png using Guid(a6de668d9a9e19b43b91c93389168301) Importer(815301076,1909f56bfc062723c751e8b465ee728b)  -> (artifact id: '654765c4bee97de999a5657ec348468e') in 0.045707 seconds
Number of updated asset objects reloaded before import = 0
Number of asset objects unloaded after import = 2
========================================================================
Received Import Request.
  Time since last request: 0.000030 seconds.
  path: Assets/Objects/KleedRuimte/Textures/Lamp Low/Lamp Low_Bake1_PBR StoA_Metalness.png
  artifactKey: Guid(185f2040bb6969842a8d35077784c5f6) Importer(815301076,1909f56bfc062723c751e8b465ee728b)
Start importing Assets/Objects/KleedRuimte/Textures/Lamp Low/Lamp Low_Bake1_PBR StoA_Metalness.png using Guid(185f2040bb6969842a8d35077784c5f6) Importer(815301076,1909f56bfc062723c751e8b465ee728b)  -> (artifact id: 'f62c38dfed4927fe8ccf69e5ba9733ca') in 0.032357 seconds
Number of updated asset objects reloaded before import = 0
Number of asset objects unloaded after import = 2
Editor requested this worker to shutdown with reason: Scaling down because of idle timeout
TcpMessagingSession - receive error: operation aborted. errorcode: 995, details: The I/O operation has been aborted because of either a thread exit or an application request.
AssetImportWorker is now disconnected from the server
Process exiting
Exiting without the bug reporter. Application will terminate with return code 0