Using pre-set license
Built from '2022.3/staging' branch; Version is '2022.3.10f1 (ff3792e53c62) revision 16725906'; Using compiler version '192829333'; Build Type 'Release'
OS: 'Windows 11  (10.0.22621) 64bit Core' Language: 'en' Physical Memory: 16321 MB
BatchMode: 1, IsHumanControllingUs: 0, StartBugReporterOnCrash: 0, Is64bit: 1, IsPro: 1

COMMAND LINE ARGUMENTS:
D:\Unity\2022.3.10f1\Editor\Unity.exe
-adb2
-batchMode
-noUpm
-name
AssetImportWorker3
-projectPath
C:/Users/Seppe/OneDrive - KOGEKA/Documenten/GitHub/Project-3D/FixIt
-logFile
Logs/AssetImportWorker3.log
-srvPort
61954
Successfully changed project path to: C:/Users/Seppe/OneDrive - KOGEKA/Documenten/GitHub/Project-3D/FixIt
C:/Users/Seppe/OneDrive - KOGEKA/Documenten/GitHub/Project-3D/FixIt
[UnityMemory] Configuration Parameters - Can be set up in boot.config
    "memorysetup-bucket-allocator-granularity=16"
    "memorysetup-bucket-allocator-bucket-count=8"
    "memorysetup-bucket-allocator-block-size=33554432"
    "memorysetup-bucket-allocator-block-count=8"
    "memorysetup-main-allocator-block-size=16777216"
    "memorysetup-thread-allocator-block-size=16777216"
    "memorysetup-gfx-main-allocator-block-size=16777216"
    "memorysetup-gfx-thread-allocator-block-size=16777216"
    "memorysetup-cache-allocator-block-size=4194304"
    "memorysetup-typetree-allocator-block-size=2097152"
    "memorysetup-profiler-bucket-allocator-granularity=16"
    "memorysetup-profiler-bucket-allocator-bucket-count=8"
    "memorysetup-profiler-bucket-allocator-block-size=33554432"
    "memorysetup-profiler-bucket-allocator-block-count=8"
    "memorysetup-profiler-allocator-block-size=16777216"
    "memorysetup-profiler-editor-allocator-block-size=1048576"
    "memorysetup-temp-allocator-size-main=16777216"
    "memorysetup-job-temp-allocator-block-size=2097152"
    "memorysetup-job-temp-allocator-block-size-background=1048576"
    "memorysetup-job-temp-allocator-reduction-small-platforms=262144"
    "memorysetup-allocator-temp-initial-block-size-main=262144"
    "memorysetup-allocator-temp-initial-block-size-worker=262144"
    "memorysetup-temp-allocator-size-background-worker=32768"
    "memorysetup-temp-allocator-size-job-worker=262144"
    "memorysetup-temp-allocator-size-preload-manager=33554432"
    "memorysetup-temp-allocator-size-nav-mesh-worker=65536"
    "memorysetup-temp-allocator-size-audio-worker=65536"
    "memorysetup-temp-allocator-size-cloud-worker=32768"
    "memorysetup-temp-allocator-size-gi-baking-worker=262144"
    "memorysetup-temp-allocator-size-gfx=262144"
Player connection [24376] Host "[IP] 192.168.0.105 [Port] 0 [Flags] 2 [Guid] 3457884050 [EditorId] 3457884050 [Version] 1048832 [Id] WindowsEditor(7,Glimfey) [Debug] 1 [PackageName] WindowsEditor [ProjectName] Editor" joined multi-casting on [225.0.0.222:54997]...

Player connection [24376] Host "[IP] 192.168.0.105 [Port] 0 [Flags] 2 [Guid] 3457884050 [EditorId] 3457884050 [Version] 1048832 [Id] WindowsEditor(7,Glimfey) [Debug] 1 [PackageName] WindowsEditor [ProjectName] Editor" joined alternative multi-casting on [225.0.0.222:34997]...

[Physics::Module] Initialized MultithreadedJobDispatcher with 7 workers.
Refreshing native plugins compatible for Editor in 70.80 ms, found 12 plugins.
Preloading 1 native plugins for Editor in 1.09 ms.
Initialize engine version: 2022.3.10f1 (ff3792e53c62)
[Subsystems] Discovering subsystems at path D:/Unity/2022.3.10f1/Editor/Data/Resources/UnitySubsystems
[Subsystems] Discovering subsystems at path C:/Users/Seppe/OneDrive - KOGEKA/Documenten/GitHub/Project-3D/FixIt/Assets
GfxDevice: creating device client; threaded=0; jobified=0
Direct3D:
    Version:  Direct3D 11.0 [level 11.1]
    Renderer: NVIDIA GeForce RTX 3060 (ID=0x2487)
    Vendor:   NVIDIA
    VRAM:     12124 MB
    Driver:   31.0.15.3713
Initialize mono
Mono path[0] = 'D:/Unity/2022.3.10f1/Editor/Data/Managed'
Mono path[1] = 'D:/Unity/2022.3.10f1/Editor/Data/MonoBleedingEdge/lib/mono/unityjit-win32'
Mono config path = 'D:/Unity/2022.3.10f1/Editor/Data/MonoBleedingEdge/etc'
Using monoOptions --debugger-agent=transport=dt_socket,embedding=1,server=y,suspend=n,address=127.0.0.1:56132
Begin MonoManager ReloadAssembly
Registering precompiled unity dll's ...
Register platform support module: D:/Unity/2022.3.10f1/Editor/Data/PlaybackEngines/AndroidPlayer/UnityEditor.Android.Extensions.dll
Register platform support module: D:/Unity/2022.3.10f1/Editor/Data/PlaybackEngines/WindowsStandaloneSupport/UnityEditor.WindowsStandalone.Extensions.dll
Registered in 0.093440 seconds.
- Loaded All Assemblies, in  1.593 seconds
Native extension for WindowsStandalone target not found
Native extension for Android target not found
Android Extension - Scanning For ADB Devices 434 ms
Mono: successfully reloaded assembly
- Finished resetting the current domain, in  0.846 seconds
Domain Reload Profiling: 2439ms
	BeginReloadAssembly (1161ms)
		ExecutionOrderSort (0ms)
		DisableScriptedObjects (0ms)
		BackupInstance (0ms)
		ReleaseScriptingObjects (0ms)
		CreateAndSetChildDomain (1ms)
	RebuildCommonClasses (45ms)
	RebuildNativeTypeToScriptingClass (11ms)
	initialDomainReloadingComplete (139ms)
	LoadAllAssembliesAndSetupDomain (238ms)
		LoadAssemblies (1162ms)
		RebuildTransferFunctionScriptingTraits (0ms)
		AnalyzeDomain (235ms)
			TypeCache.Refresh (233ms)
				TypeCache.ScanAssembly (205ms)
			ScanForSourceGeneratedMonoScriptInfo (1ms)
			ResolveRequiredComponents (1ms)
	FinalizeReload (847ms)
		ReleaseScriptCaches (0ms)
		RebuildScriptCaches (0ms)
		SetupLoadedEditorAssemblies (785ms)
			LogAssemblyErrors (0ms)
			InitializePlatformSupportModulesInManaged (624ms)
			SetLoadedEditorAssemblies (3ms)
			RefreshPlugins (0ms)
			BeforeProcessingInitializeOnLoad (2ms)
			ProcessInitializeOnLoadAttributes (107ms)
			ProcessInitializeOnLoadMethodAttributes (48ms)
			AfterProcessingInitializeOnLoad (0ms)
			EditorAssembliesLoaded (0ms)
		ExecutionOrderSort2 (0ms)
		AwakeInstancesAfterBackupRestoration (0ms)
========================================================================
Worker process is ready to serve import requests
Begin MonoManager ReloadAssembly
- Loaded All Assemblies, in  1.283 seconds
Refreshing native plugins compatible for Editor in 18.53 ms, found 12 plugins.
Native extension for WindowsStandalone target not found
Native extension for Android target not found
Package Manager log level set to [2]
[Package Manager] Server::EnsureServerProcessIsRunning -- launch failed, reason: Unity was launched with the -noUpm command-line argument
[Package Manager] UpmClient::Send -- Unable to send message (not connected to UPM process).
[Package Manager] Cannot connect to Unity Package Manager local server
[Package Manager] Server::EnsureServerProcessIsRunning -- launch failed, reason: Unity was launched with the -noUpm command-line argument
[Package Manager] UpmClient::Send -- Unable to send message (not connected to UPM process).
[Package Manager] Cannot connect to Unity Package Manager local server
System.Reflection.TargetInvocationException: Exception has been thrown by the target of an invocation. ---> System.NullReferenceException: Object reference not set to an instance of an object
  at Unity.XR.Oculus.OculusLoader.AssetPathToAbsolutePath (System.String assetPath) [0x0003d] in .\Library\PackageCache\com.unity.xr.oculus@4.0.0\Runtime\OculusLoader.cs:282 
  at Unity.XR.Oculus.OculusLoader.EditorLoadOVRPlugin () [0x0007b] in .\Library\PackageCache\com.unity.xr.oculus@4.0.0\Runtime\OculusLoader.cs:267 
  at (wrapper managed-to-native) System.Reflection.RuntimeMethodInfo.InternalInvoke(System.Reflection.RuntimeMethodInfo,object,object[],System.Exception&)
  at System.Reflection.RuntimeMethodInfo.Invoke (System.Object obj, System.Reflection.BindingFlags invokeAttr, System.Reflection.Binder binder, System.Object[] parameters, System.Globalization.CultureInfo culture) [0x0006a] in <787acc3c9a4c471ba7d971300105af24>:0 
   --- End of inner exception stack trace ---
  at System.Reflection.RuntimeMethodInfo.Invoke (System.Object obj, System.Reflection.BindingFlags invokeAttr, System.Reflection.Binder binder, System.Object[] parameters, System.Globalization.CultureInfo culture) [0x00083] in <787acc3c9a4c471ba7d971300105af24>:0 
  at System.Reflection.MethodBase.Invoke (System.Object obj, System.Object[] parameters) [0x00000] in <787acc3c9a4c471ba7d971300105af24>:0 
  at UnityEditor.EditorAssemblies.ProcessInitializeOnLoadMethodAttributes () [0x000a5] in <fe7039efe678478d9c83e73bc6a6566d>:0 
UnityEngine.StackTraceUtility:ExtractStackTrace ()
UnityEngine.DebugLogHandler:LogFormat (UnityEngine.LogType,UnityEngine.Object,string,object[])
UnityEngine.Logger:Log (UnityEngine.LogType,object)
UnityEngine.Debug:LogError (object)
UnityEditor.EditorAssemblies:ProcessInitializeOnLoadMethodAttributes ()

Mono: successfully reloaded assembly
[Package Manager] Server::EnsureServerProcessIsRunning -- launch failed, reason: Unity was launched with the -noUpm command-line argument
[Package Manager] UpmClient::Send -- Unable to send message (not connected to UPM process).
[Package Manager] Cannot connect to Unity Package Manager local server
[Package Manager] Server::EnsureServerProcessIsRunning -- launch failed, reason: Unity was launched with the -noUpm command-line argument
[Package Manager] UpmClient::Send -- Unable to send message (not connected to UPM process).
[Package Manager] Cannot connect to Unity Package Manager local server
- Finished resetting the current domain, in  0.856 seconds
Domain Reload Profiling: 2124ms
	BeginReloadAssembly (168ms)
		ExecutionOrderSort (0ms)
		DisableScriptedObjects (6ms)
		BackupInstance (0ms)
		ReleaseScriptingObjects (0ms)
		CreateAndSetChildDomain (23ms)
	RebuildCommonClasses (39ms)
	RebuildNativeTypeToScriptingClass (11ms)
	initialDomainReloadingComplete (41ms)
	LoadAllAssembliesAndSetupDomain (1008ms)
		LoadAssemblies (836ms)
		RebuildTransferFunctionScriptingTraits (0ms)
		AnalyzeDomain (279ms)
			TypeCache.Refresh (231ms)
				TypeCache.ScanAssembly (208ms)
			ScanForSourceGeneratedMonoScriptInfo (32ms)
			ResolveRequiredComponents (14ms)
	FinalizeReload (857ms)
		ReleaseScriptCaches (0ms)
		RebuildScriptCaches (0ms)
		SetupLoadedEditorAssemblies (637ms)
			LogAssemblyErrors (0ms)
			InitializePlatformSupportModulesInManaged (24ms)
			SetLoadedEditorAssemblies (4ms)
			RefreshPlugins (0ms)
			BeforeProcessingInitializeOnLoad (85ms)
			ProcessInitializeOnLoadAttributes (412ms)
			ProcessInitializeOnLoadMethodAttributes (108ms)
			AfterProcessingInitializeOnLoad (3ms)
			EditorAssembliesLoaded (0ms)
		ExecutionOrderSort2 (0ms)
		AwakeInstancesAfterBackupRestoration (6ms)
Launched and connected shader compiler UnityShaderCompiler.exe after 0.14 seconds
Refreshing native plugins compatible for Editor in 18.03 ms, found 12 plugins.
Preloading 1 native plugins for Editor in 0.12 ms.
Unloading 6072 Unused Serialized files (Serialized files now loaded: 0)
Unloading 106 unused Assets / (367.9 KB). Loaded Objects now: 6539.
Memory consumption went from 229.5 MB to 229.2 MB.
Total: 4.672500 ms (FindLiveObjects: 0.438800 ms CreateObjectMapping: 0.480500 ms MarkObjects: 3.296900 ms  DeleteObjects: 0.455500 ms)

AssetImportParameters requested are different than current active one (requested -> active):
  custom:container-demuxer-ogg: 62fdf1f143b41e24485cea50d1cbac27 -> 
  custom:video-codec-MediaFoundation-h265: 746d11721c4dcdbdad8f713fa42b33f4 -> 
  custom:video-decoder-ogg-theora: a1e56fd34408186e4bbccfd4996cb3dc -> 
  custom:framework-win-MediaFoundation: 216162199b28c13a410421893ffa2e32 -> 
  custom:CustomObjectIndexerAttribute: a3ef5dd2817f97addfee359851a9dba5 -> 
  custom:container-demuxer-webm: 4f35f7cbe854078d1ac9338744f61a02 -> 
  custom:container-muxer-webm: aa71ff27fc2769a1b78a27578f13a17b -> 
  custom:video-decoder-webm-vp8: 9c59270c3fd7afecdb556c50c9e8de78 -> 
  custom:SearchIndexIgnoredProperties: e643bd26f0fe6173181afceb89e7c659 -> 
  custom:AudioImporter_EditorPlatform: d09bf68614088b80899f8185d706f6e7 -> 
  custom:video-encoder-webm-vp8: eb34c28f22e8b96e1ab97ce403110664 -> 
  custom:audio-decoder-ogg-vorbis: bf7c407c2cedff20999df2af8eb42d56 -> 
  custom:audio-encoder-webm-vorbis: bf7c407c2cedff20999df2af8eb42d56 -> 
========================================================================
Received Import Request.
  Time since last request: 353050.597502 seconds.
  path: Assets/Objects/Map/Materials/Mettalic bar.mat
  artifactKey: Guid(6cd2c7d7d4a45624683cf3c50e7539e7) Importer(815301076,1909f56bfc062723c751e8b465ee728b)
Start importing Assets/Objects/Map/Materials/Mettalic bar.mat using Guid(6cd2c7d7d4a45624683cf3c50e7539e7) Importer(815301076,1909f56bfc062723c751e8b465ee728b)  -> (artifact id: '8c9a3f9c9a2344a7a953bd843d9b5eae') in 0.379240 seconds
Number of updated asset objects reloaded before import = 0
Number of asset objects unloaded after import = 2
========================================================================
Received Import Request.
  Time since last request: 0.606223 seconds.
  path: Assets/Objects/Map/Map2/Map 2.0 Walls.fbx
  artifactKey: Guid(4bbf2989efd025a4691080dcf01b6658) Importer(815301076,1909f56bfc062723c751e8b465ee728b)
Start importing Assets/Objects/Map/Map2/Map 2.0 Walls.fbx using Guid(4bbf2989efd025a4691080dcf01b6658) Importer(815301076,1909f56bfc062723c751e8b465ee728b)  -> (artifact id: '753640046fa41bcb46c1e08b27201f75') in 0.174239 seconds
Number of updated asset objects reloaded before import = 0
Number of asset objects unloaded after import = 30
========================================================================
Received Import Request.
  Time since last request: 184.083946 seconds.
  path: Assets/Objects/Map/Textures/Walls/Wall L/Wall L Bake_Bake1_PBR StoA_Bump.png
  artifactKey: Guid(4a77556e1dbd1a342bf5a328f7001887) Importer(815301076,1909f56bfc062723c751e8b465ee728b)
Start importing Assets/Objects/Map/Textures/Walls/Wall L/Wall L Bake_Bake1_PBR StoA_Bump.png using Guid(4a77556e1dbd1a342bf5a328f7001887) Importer(815301076,1909f56bfc062723c751e8b465ee728b)  -> (artifact id: '64f048835d07344f4bedcaf8ab3a9a0d') in 0.046186 seconds
Number of updated asset objects reloaded before import = 0
Number of asset objects unloaded after import = 2
========================================================================
Received Import Request.
  Time since last request: 0.000051 seconds.
  path: Assets/Objects/Map/Textures/Walls/Wall L/Wall L Bake_Bake1_PBR StoA_Normal.png
  artifactKey: Guid(2e953c1e6224d4544b1c82bb503135e3) Importer(815301076,1909f56bfc062723c751e8b465ee728b)
Start importing Assets/Objects/Map/Textures/Walls/Wall L/Wall L Bake_Bake1_PBR StoA_Normal.png using Guid(2e953c1e6224d4544b1c82bb503135e3) Importer(815301076,1909f56bfc062723c751e8b465ee728b)  -> (artifact id: '492bc68c19cc2cd84620e923f36f4521') in 0.104999 seconds
Number of updated asset objects reloaded before import = 0
Number of asset objects unloaded after import = 2
========================================================================
Received Import Request.
  Time since last request: 0.000034 seconds.
  path: Assets/Objects/Map/Textures/Walls/Wall L/Wall L Bake_Bake1_PBR StoA_Roughness.png
  artifactKey: Guid(a1e21fbdb7d46464cb6ddf248a34a205) Importer(815301076,1909f56bfc062723c751e8b465ee728b)
Start importing Assets/Objects/Map/Textures/Walls/Wall L/Wall L Bake_Bake1_PBR StoA_Roughness.png using Guid(a1e21fbdb7d46464cb6ddf248a34a205) Importer(815301076,1909f56bfc062723c751e8b465ee728b)  -> (artifact id: 'cbbf3f9b0344d0a4f2571f7b4c992f7c') in 0.020380 seconds
Number of updated asset objects reloaded before import = 0
Number of asset objects unloaded after import = 2
========================================================================
Received Import Request.
  Time since last request: 5.758955 seconds.
  path: Assets/Objects/Map/Textures/Walls/Wall R/Wall R Bake_Bake1_PBR StoA_Bump.png
  artifactKey: Guid(a688b8741bfbbf14e8f9c72c07203ae8) Importer(815301076,1909f56bfc062723c751e8b465ee728b)
Start importing Assets/Objects/Map/Textures/Walls/Wall R/Wall R Bake_Bake1_PBR StoA_Bump.png using Guid(a688b8741bfbbf14e8f9c72c07203ae8) Importer(815301076,1909f56bfc062723c751e8b465ee728b)  -> (artifact id: 'a61b938b6379c02a2dc3d7341ea3f7c6') in 0.023481 seconds
Number of updated asset objects reloaded before import = 0
Number of asset objects unloaded after import = 2
========================================================================
Received Import Request.
  Time since last request: 0.000022 seconds.
  path: Assets/Objects/Map/Textures/Walls/Wall R/Wall R Bake_Bake1_PBR StoA_Metalness.png
  artifactKey: Guid(983011fc06577ec45b4cefcff6286254) Importer(815301076,1909f56bfc062723c751e8b465ee728b)
Start importing Assets/Objects/Map/Textures/Walls/Wall R/Wall R Bake_Bake1_PBR StoA_Metalness.png using Guid(983011fc06577ec45b4cefcff6286254) Importer(815301076,1909f56bfc062723c751e8b465ee728b)  -> (artifact id: '8a8fde3c851d88618c0806def90dd4de') in 0.019939 seconds
Number of updated asset objects reloaded before import = 0
Number of asset objects unloaded after import = 2
========================================================================
Received Import Request.
  Time since last request: 0.000037 seconds.
  path: Assets/Objects/Map/Textures/Walls/Wall R/Wall R Bake_Bake1_PBR StoA_Diffuse.png
  artifactKey: Guid(8e93dfe92a147a34196bb25bd5b018a1) Importer(815301076,1909f56bfc062723c751e8b465ee728b)
Start importing Assets/Objects/Map/Textures/Walls/Wall R/Wall R Bake_Bake1_PBR StoA_Diffuse.png using Guid(8e93dfe92a147a34196bb25bd5b018a1) Importer(815301076,1909f56bfc062723c751e8b465ee728b)  -> (artifact id: '38fb50afe80284b4809244d492d0c3e9') in 0.022616 seconds
Number of updated asset objects reloaded before import = 0
Number of asset objects unloaded after import = 2
========================================================================
Received Import Request.
  Time since last request: 0.000024 seconds.
  path: Assets/Objects/Map/Textures/Walls/Wall R/Wall R Bake_Bake1_PBR StoA_Normal.png
  artifactKey: Guid(089116f056b09e4468a38a8afd9aac5d) Importer(815301076,1909f56bfc062723c751e8b465ee728b)
Start importing Assets/Objects/Map/Textures/Walls/Wall R/Wall R Bake_Bake1_PBR StoA_Normal.png using Guid(089116f056b09e4468a38a8afd9aac5d) Importer(815301076,1909f56bfc062723c751e8b465ee728b)  -> (artifact id: '9fb259a694e8df78aeeca03531264dce') in 0.023949 seconds
Number of updated asset objects reloaded before import = 0
Number of asset objects unloaded after import = 2
========================================================================
Received Import Request.
  Time since last request: 8.905734 seconds.
  path: Assets/Objects/Map/Textures/Walls/Wall B/Wall B Bake_Bake1_PBR StoA_Diffuse.png
  artifactKey: Guid(8f168917e71c7644b9e37a43aa1c8deb) Importer(815301076,1909f56bfc062723c751e8b465ee728b)
Start importing Assets/Objects/Map/Textures/Walls/Wall B/Wall B Bake_Bake1_PBR StoA_Diffuse.png using Guid(8f168917e71c7644b9e37a43aa1c8deb) Importer(815301076,1909f56bfc062723c751e8b465ee728b)  -> (artifact id: '8e1395b8f43ab0dc6c01de6ac7a22904') in 0.029574 seconds
Number of updated asset objects reloaded before import = 0
Number of asset objects unloaded after import = 2
========================================================================
Received Import Request.
  Time since last request: 0.000025 seconds.
  path: Assets/Objects/Map/Textures/Walls/Wall B/Wall B Bake_Bake1_PBR StoA_Roughness.png
  artifactKey: Guid(64f608c34959f9a4383f13d69904a2d7) Importer(815301076,1909f56bfc062723c751e8b465ee728b)
Start importing Assets/Objects/Map/Textures/Walls/Wall B/Wall B Bake_Bake1_PBR StoA_Roughness.png using Guid(64f608c34959f9a4383f13d69904a2d7) Importer(815301076,1909f56bfc062723c751e8b465ee728b)  -> (artifact id: '1ea8d1832c777db906fea4720e36cd6e') in 0.021662 seconds
Number of updated asset objects reloaded before import = 0
Number of asset objects unloaded after import = 2
========================================================================
Received Import Request.
  Time since last request: 0.000034 seconds.
  path: Assets/Objects/Map/Textures/Walls/Wall B/Wall B Bake_Bake1_PBR StoA_Normal.png
  artifactKey: Guid(b738712206d5f76459440d621ad73fb9) Importer(815301076,1909f56bfc062723c751e8b465ee728b)
Start importing Assets/Objects/Map/Textures/Walls/Wall B/Wall B Bake_Bake1_PBR StoA_Normal.png using Guid(b738712206d5f76459440d621ad73fb9) Importer(815301076,1909f56bfc062723c751e8b465ee728b)  -> (artifact id: '97ffd693e23944f8f5fe259d1c2940ad') in 0.028144 seconds
Number of updated asset objects reloaded before import = 0
Number of asset objects unloaded after import = 2
Editor requested this worker to shutdown with reason: Scaling down because of idle timeout
TcpMessagingSession - receive error: operation aborted. errorcode: 995, details: The I/O operation has been aborted because of either a thread exit or an application request.
AssetImportWorker is now disconnected from the server
Process exiting
Exiting without the bug reporter. Application will terminate with return code 0